Started GET "/blogPosts/" for ::1 at 2020-10-21 15:08:20 +0300
  [1m[35m (4.8ms)[0m  [1m[34mSELECT sqlite_version(*)[0m
  
ActiveRecord::PendingMigrationError (

Migrations are pending. To resolve this issue, run:

        rails db:migrate RAILS_ENV=development

):
  
activerecord (6.0.3.4) lib/active_record/migration.rb:586:in `check_pending!'
activerecord (6.0.3.4) lib/active_record/migration.rb:564:in `call'
actionpack (6.0.3.4) lib/action_dispatch/middleware/callbacks.rb:27:in `block in call'
activesupport (6.0.3.4) lib/active_support/callbacks.rb:101:in `run_callbacks'
actionpack (6.0.3.4) lib/action_dispatch/middleware/callbacks.rb:26:in `call'
actionpack (6.0.3.4) lib/action_dispatch/middleware/executor.rb:14:in `call'
actionpack (6.0.3.4) lib/action_dispatch/middleware/actionable_exceptions.rb:18:in `call'
actionpack (6.0.3.4) lib/action_dispatch/middleware/debug_exceptions.rb:32:in `call'
web-console (4.0.4) lib/web_console/middleware.rb:132:in `call_app'
web-console (4.0.4) lib/web_console/middleware.rb:28:in `block in call'
web-console (4.0.4) lib/web_console/middleware.rb:17:in `catch'
web-console (4.0.4) lib/web_console/middleware.rb:17:in `call'
actionpack (6.0.3.4) lib/action_dispatch/middleware/show_exceptions.rb:33:in `call'
railties (6.0.3.4) lib/rails/rack/logger.rb:37:in `call_app'
railties (6.0.3.4) lib/rails/rack/logger.rb:26:in `block in call'
activesupport (6.0.3.4) lib/active_support/tagged_logging.rb:80:in `block in tagged'
activesupport (6.0.3.4) lib/active_support/tagged_logging.rb:28:in `tagged'
activesupport (6.0.3.4) lib/active_support/tagged_logging.rb:80:in `tagged'
railties (6.0.3.4) lib/rails/rack/logger.rb:26:in `call'
sprockets-rails (3.2.2) lib/sprockets/rails/quiet_assets.rb:13:in `call'
actionpack (6.0.3.4) lib/action_dispatch/middleware/remote_ip.rb:81:in `call'
actionpack (6.0.3.4) lib/action_dispatch/middleware/request_id.rb:27:in `call'
rack (2.2.3) lib/rack/method_override.rb:24:in `call'
rack (2.2.3) lib/rack/runtime.rb:22:in `call'
activesupport (6.0.3.4) lib/active_support/cache/strategy/local_cache_middleware.rb:29:in `call'
actionpack (6.0.3.4) lib/action_dispatch/middleware/executor.rb:14:in `call'
actionpack (6.0.3.4) lib/action_dispatch/middleware/static.rb:126:in `call'
rack (2.2.3) lib/rack/sendfile.rb:110:in `call'
actionpack (6.0.3.4) lib/action_dispatch/middleware/host_authorization.rb:82:in `call'
webpacker (4.3.0) lib/webpacker/dev_server_proxy.rb:23:in `perform_request'
rack-proxy (0.6.5) lib/rack/proxy.rb:57:in `call'
railties (6.0.3.4) lib/rails/engine.rb:527:in `call'
puma (4.3.6) lib/puma/configuration.rb:228:in `call'
puma (4.3.6) lib/puma/server.rb:713:in `handle_request'
puma (4.3.6) lib/puma/server.rb:472:in `process_client'
puma (4.3.6) lib/puma/server.rb:328:in `block in run'
puma (4.3.6) lib/puma/thread_pool.rb:134:in `block in spawn_thread'
Started GET "/" for ::1 at 2020-10-21 15:08:20 +0300
  
ActiveRecord::PendingMigrationError (

Migrations are pending. To resolve this issue, run:

        rails db:migrate RAILS_ENV=development

):
  
activerecord (6.0.3.4) lib/active_record/migration.rb:586:in `check_pending!'
activerecord (6.0.3.4) lib/active_record/migration.rb:564:in `call'
actionpack (6.0.3.4) lib/action_dispatch/middleware/callbacks.rb:27:in `block in call'
activesupport (6.0.3.4) lib/active_support/callbacks.rb:101:in `run_callbacks'
actionpack (6.0.3.4) lib/action_dispatch/middleware/callbacks.rb:26:in `call'
actionpack (6.0.3.4) lib/action_dispatch/middleware/executor.rb:14:in `call'
actionpack (6.0.3.4) lib/action_dispatch/middleware/actionable_exceptions.rb:18:in `call'
actionpack (6.0.3.4) lib/action_dispatch/middleware/debug_exceptions.rb:32:in `call'
web-console (4.0.4) lib/web_console/middleware.rb:132:in `call_app'
web-console (4.0.4) lib/web_console/middleware.rb:28:in `block in call'
web-console (4.0.4) lib/web_console/middleware.rb:17:in `catch'
web-console (4.0.4) lib/web_console/middleware.rb:17:in `call'
actionpack (6.0.3.4) lib/action_dispatch/middleware/show_exceptions.rb:33:in `call'
railties (6.0.3.4) lib/rails/rack/logger.rb:37:in `call_app'
railties (6.0.3.4) lib/rails/rack/logger.rb:26:in `block in call'
activesupport (6.0.3.4) lib/active_support/tagged_logging.rb:80:in `block in tagged'
activesupport (6.0.3.4) lib/active_support/tagged_logging.rb:28:in `tagged'
activesupport (6.0.3.4) lib/active_support/tagged_logging.rb:80:in `tagged'
railties (6.0.3.4) lib/rails/rack/logger.rb:26:in `call'
sprockets-rails (3.2.2) lib/sprockets/rails/quiet_assets.rb:13:in `call'
actionpack (6.0.3.4) lib/action_dispatch/middleware/remote_ip.rb:81:in `call'
actionpack (6.0.3.4) lib/action_dispatch/middleware/request_id.rb:27:in `call'
rack (2.2.3) lib/rack/method_override.rb:24:in `call'
rack (2.2.3) lib/rack/runtime.rb:22:in `call'
activesupport (6.0.3.4) lib/active_support/cache/strategy/local_cache_middleware.rb:29:in `call'
actionpack (6.0.3.4) lib/action_dispatch/middleware/executor.rb:14:in `call'
actionpack (6.0.3.4) lib/action_dispatch/middleware/static.rb:126:in `call'
rack (2.2.3) lib/rack/sendfile.rb:110:in `call'
actionpack (6.0.3.4) lib/action_dispatch/middleware/host_authorization.rb:82:in `call'
webpacker (4.3.0) lib/webpacker/dev_server_proxy.rb:23:in `perform_request'
rack-proxy (0.6.5) lib/rack/proxy.rb:57:in `call'
railties (6.0.3.4) lib/rails/engine.rb:527:in `call'
puma (4.3.6) lib/puma/configuration.rb:228:in `call'
puma (4.3.6) lib/puma/server.rb:713:in `handle_request'
puma (4.3.6) lib/puma/server.rb:472:in `process_client'
puma (4.3.6) lib/puma/server.rb:328:in `block in run'
puma (4.3.6) lib/puma/thread_pool.rb:134:in `block in spawn_thread'
Started GET "/" for ::1 at 2020-10-21 15:08:42 +0300
  
ActiveRecord::PendingMigrationError (

Migrations are pending. To resolve this issue, run:

        rails db:migrate RAILS_ENV=development

):
  
activerecord (6.0.3.4) lib/active_record/migration.rb:586:in `check_pending!'
activerecord (6.0.3.4) lib/active_record/migration.rb:564:in `call'
actionpack (6.0.3.4) lib/action_dispatch/middleware/callbacks.rb:27:in `block in call'
activesupport (6.0.3.4) lib/active_support/callbacks.rb:101:in `run_callbacks'
actionpack (6.0.3.4) lib/action_dispatch/middleware/callbacks.rb:26:in `call'
actionpack (6.0.3.4) lib/action_dispatch/middleware/executor.rb:14:in `call'
actionpack (6.0.3.4) lib/action_dispatch/middleware/actionable_exceptions.rb:18:in `call'
actionpack (6.0.3.4) lib/action_dispatch/middleware/debug_exceptions.rb:32:in `call'
web-console (4.0.4) lib/web_console/middleware.rb:132:in `call_app'
web-console (4.0.4) lib/web_console/middleware.rb:28:in `block in call'
web-console (4.0.4) lib/web_console/middleware.rb:17:in `catch'
web-console (4.0.4) lib/web_console/middleware.rb:17:in `call'
actionpack (6.0.3.4) lib/action_dispatch/middleware/show_exceptions.rb:33:in `call'
railties (6.0.3.4) lib/rails/rack/logger.rb:37:in `call_app'
railties (6.0.3.4) lib/rails/rack/logger.rb:26:in `block in call'
activesupport (6.0.3.4) lib/active_support/tagged_logging.rb:80:in `block in tagged'
activesupport (6.0.3.4) lib/active_support/tagged_logging.rb:28:in `tagged'
activesupport (6.0.3.4) lib/active_support/tagged_logging.rb:80:in `tagged'
railties (6.0.3.4) lib/rails/rack/logger.rb:26:in `call'
sprockets-rails (3.2.2) lib/sprockets/rails/quiet_assets.rb:13:in `call'
actionpack (6.0.3.4) lib/action_dispatch/middleware/remote_ip.rb:81:in `call'
actionpack (6.0.3.4) lib/action_dispatch/middleware/request_id.rb:27:in `call'
rack (2.2.3) lib/rack/method_override.rb:24:in `call'
rack (2.2.3) lib/rack/runtime.rb:22:in `call'
activesupport (6.0.3.4) lib/active_support/cache/strategy/local_cache_middleware.rb:29:in `call'
actionpack (6.0.3.4) lib/action_dispatch/middleware/executor.rb:14:in `call'
actionpack (6.0.3.4) lib/action_dispatch/middleware/static.rb:126:in `call'
rack (2.2.3) lib/rack/sendfile.rb:110:in `call'
actionpack (6.0.3.4) lib/action_dispatch/middleware/host_authorization.rb:82:in `call'
webpacker (4.3.0) lib/webpacker/dev_server_proxy.rb:23:in `perform_request'
rack-proxy (0.6.5) lib/rack/proxy.rb:57:in `call'
railties (6.0.3.4) lib/rails/engine.rb:527:in `call'
puma (4.3.6) lib/puma/configuration.rb:228:in `call'
puma (4.3.6) lib/puma/server.rb:713:in `handle_request'
puma (4.3.6) lib/puma/server.rb:472:in `process_client'
puma (4.3.6) lib/puma/server.rb:328:in `block in run'
puma (4.3.6) lib/puma/thread_pool.rb:134:in `block in spawn_thread'
Started GET "/" for ::1 at 2020-10-21 15:08:43 +0300
  
ActiveRecord::PendingMigrationError (

Migrations are pending. To resolve this issue, run:

        rails db:migrate RAILS_ENV=development

):
  
activerecord (6.0.3.4) lib/active_record/migration.rb:586:in `check_pending!'
activerecord (6.0.3.4) lib/active_record/migration.rb:564:in `call'
actionpack (6.0.3.4) lib/action_dispatch/middleware/callbacks.rb:27:in `block in call'
activesupport (6.0.3.4) lib/active_support/callbacks.rb:101:in `run_callbacks'
actionpack (6.0.3.4) lib/action_dispatch/middleware/callbacks.rb:26:in `call'
actionpack (6.0.3.4) lib/action_dispatch/middleware/executor.rb:14:in `call'
actionpack (6.0.3.4) lib/action_dispatch/middleware/actionable_exceptions.rb:18:in `call'
actionpack (6.0.3.4) lib/action_dispatch/middleware/debug_exceptions.rb:32:in `call'
web-console (4.0.4) lib/web_console/middleware.rb:132:in `call_app'
web-console (4.0.4) lib/web_console/middleware.rb:28:in `block in call'
web-console (4.0.4) lib/web_console/middleware.rb:17:in `catch'
web-console (4.0.4) lib/web_console/middleware.rb:17:in `call'
actionpack (6.0.3.4) lib/action_dispatch/middleware/show_exceptions.rb:33:in `call'
railties (6.0.3.4) lib/rails/rack/logger.rb:37:in `call_app'
railties (6.0.3.4) lib/rails/rack/logger.rb:26:in `block in call'
activesupport (6.0.3.4) lib/active_support/tagged_logging.rb:80:in `block in tagged'
activesupport (6.0.3.4) lib/active_support/tagged_logging.rb:28:in `tagged'
activesupport (6.0.3.4) lib/active_support/tagged_logging.rb:80:in `tagged'
railties (6.0.3.4) lib/rails/rack/logger.rb:26:in `call'
sprockets-rails (3.2.2) lib/sprockets/rails/quiet_assets.rb:13:in `call'
actionpack (6.0.3.4) lib/action_dispatch/middleware/remote_ip.rb:81:in `call'
actionpack (6.0.3.4) lib/action_dispatch/middleware/request_id.rb:27:in `call'
rack (2.2.3) lib/rack/method_override.rb:24:in `call'
rack (2.2.3) lib/rack/runtime.rb:22:in `call'
activesupport (6.0.3.4) lib/active_support/cache/strategy/local_cache_middleware.rb:29:in `call'
actionpack (6.0.3.4) lib/action_dispatch/middleware/executor.rb:14:in `call'
actionpack (6.0.3.4) lib/action_dispatch/middleware/static.rb:126:in `call'
rack (2.2.3) lib/rack/sendfile.rb:110:in `call'
actionpack (6.0.3.4) lib/action_dispatch/middleware/host_authorization.rb:82:in `call'
webpacker (4.3.0) lib/webpacker/dev_server_proxy.rb:23:in `perform_request'
rack-proxy (0.6.5) lib/rack/proxy.rb:57:in `call'
railties (6.0.3.4) lib/rails/engine.rb:527:in `call'
puma (4.3.6) lib/puma/configuration.rb:228:in `call'
puma (4.3.6) lib/puma/server.rb:713:in `handle_request'
puma (4.3.6) lib/puma/server.rb:472:in `process_client'
puma (4.3.6) lib/puma/server.rb:328:in `block in run'
puma (4.3.6) lib/puma/thread_pool.rb:134:in `block in spawn_thread'
Started POST "/rails/actions" for ::1 at 2020-10-21 15:08:45 +0300
  [1m[35m (1.5ms)[0m  [1m[35mCREATE TABLE "schema_migrations" ("version" varchar NOT NULL PRIMARY KEY)[0m
  [1m[35m (1.7ms)[0m  [1m[35mCREATE TABLE "ar_internal_metadata" ("key" varchar NOT NULL PRIMARY KEY, "value" varchar, "created_at" datetime(6) NOT NULL, "updated_at" datetime(6) NOT NULL)[0m
  [1m[35m (0.2ms)[0m  [1m[34mSELECT "schema_migrations"."version" FROM "schema_migrations" ORDER BY "schema_migrations"."version" ASC[0m
Migrating to CreatePosts (20201019105744)
  [1m[35m (0.1ms)[0m  [1m[36mbegin transaction[0m
  [1m[35m (0.6ms)[0m  [1m[35mCREATE TABLE "posts" ("id" integer PRIMARY KEY AUTOINCREMENT NOT NULL, "title" varchar, "body" text, "created_at" datetime(6) NOT NULL, "updated_at" datetime(6) NOT NULL)[0m
  [1m[36mprimary::SchemaMigration Create (0.3ms)[0m  [1m[32mINSERT INTO "schema_migrations" ("version") VALUES (?)[0m  [["version", "20201019105744"]]
  [1m[35m (1.4ms)[0m  [1m[36mcommit transaction[0m
Migrating to CreateActiveStorageTables (20201021113654)
  [1m[35m (0.1ms)[0m  [1m[36mbegin transaction[0m
  [1m[35m (0.4ms)[0m  [1m[35mCREATE TABLE "active_storage_blobs" ("id" integer PRIMARY KEY AUTOINCREMENT NOT NULL, "key" varchar NOT NULL, "filename" varchar NOT NULL, "content_type" varchar, "metadata" text, "byte_size" bigint NOT NULL, "checksum" varchar NOT NULL, "created_at" datetime NOT NULL)[0m
  [1m[35m (0.1ms)[0m  [1m[35mCREATE UNIQUE INDEX "index_active_storage_blobs_on_key" ON "active_storage_blobs" ("key")[0m
  [1m[35m (0.2ms)[0m  [1m[35mCREATE TABLE "active_storage_attachments" ("id" integer PRIMARY KEY AUTOINCREMENT NOT NULL, "name" varchar NOT NULL, "record_type" varchar NOT NULL, "record_id" integer NOT NULL, "blob_id" integer NOT NULL, "created_at" datetime NOT NULL, CONSTRAINT "fk_rails_c3b3935057"
FOREIGN KEY ("blob_id")
  REFERENCES "active_storage_blobs" ("id")
)[0m
  [1m[35m (0.1ms)[0m  [1m[35mCREATE  INDEX "index_active_storage_attachments_on_blob_id" ON "active_storage_attachments" ("blob_id")[0m
  [1m[35m (0.1ms)[0m  [1m[35mCREATE UNIQUE INDEX "index_active_storage_attachments_uniqueness" ON "active_storage_attachments" ("record_type", "record_id", "name", "blob_id")[0m
  [1m[36mprimary::SchemaMigration Create (0.1ms)[0m  [1m[32mINSERT INTO "schema_migrations" ("version") VALUES (?)[0m  [["version", "20201021113654"]]
  [1m[35m (1.1ms)[0m  [1m[36mcommit transaction[0m
Migrating to CreateActionTextTables (20201021113655)
  [1m[35m (0.1ms)[0m  [1m[36mbegin transaction[0m
  [1m[35m (0.4ms)[0m  [1m[35mCREATE TABLE "action_text_rich_texts" ("id" integer PRIMARY KEY AUTOINCREMENT NOT NULL, "name" varchar NOT NULL, "body" text, "record_type" varchar NOT NULL, "record_id" integer NOT NULL, "created_at" datetime(6) NOT NULL, "updated_at" datetime(6) NOT NULL)[0m
  [1m[35m (0.1ms)[0m  [1m[35mCREATE UNIQUE INDEX "index_action_text_rich_texts_uniqueness" ON "action_text_rich_texts" ("record_type", "record_id", "name")[0m
  [1m[36mprimary::SchemaMigration Create (0.2ms)[0m  [1m[32mINSERT INTO "schema_migrations" ("version") VALUES (?)[0m  [["version", "20201021113655"]]
  [1m[35m (1.3ms)[0m  [1m[36mcommit transaction[0m
  [1m[36mActiveRecord::InternalMetadata Load (0.2ms)[0m  [1m[34mSELECT "ar_internal_metadata".* FROM "ar_internal_metadata" WHERE "ar_internal_metadata"."key" = ? LIMIT ?[0m  [["key", "environment"], ["LIMIT", 1]]
  [1m[35m (0.0ms)[0m  [1m[36mbegin transaction[0m
  [1m[36mActiveRecord::InternalMetadata Create (0.3ms)[0m  [1m[32mINSERT INTO "ar_internal_metadata" ("key", "value", "created_at", "updated_at") VALUES (?, ?, ?, ?)[0m  [["key", "environment"], ["value", "development"], ["created_at", "2020-10-21 12:08:45.508747"], ["updated_at", "2020-10-21 12:08:45.508747"]]
  [1m[35m (1.3ms)[0m  [1m[36mcommit transaction[0m
Started GET "/" for ::1 at 2020-10-21 15:08:45 +0300
  [1m[35m (0.1ms)[0m  [1m[34mSELECT "schema_migrations"."version" FROM "schema_migrations" ORDER BY "schema_migrations"."version" ASC[0m
Processing by PostsController#index as HTML
  Rendering posts/index.html.erb within layouts/application
  [1m[36mPost Load (0.2ms)[0m  [1m[34mSELECT "posts".* FROM "posts"[0m
  ↳ app/views/posts/index.html.erb:24
  Rendered posts/index.html.erb within layouts/application (Duration: 2.6ms | Allocations: 2206)
[Webpacker] Compiling...
[Webpacker] Compiled all packs in /Users/evgeniyzabozhan/CodeProjects/zeoBlocksApp/public/packs
[Webpacker] Hash: 62306ddbf91884424d42
Version: webpack 4.44.2
Time: 2719ms
Built at: 10/21/2020 3:08:49 PM
                                     Asset       Size       Chunks                         Chunk Names
    js/application-5bc43cd1015141b23922.js    468 KiB  application  [emitted] [immutable]  application
js/application-5bc43cd1015141b23922.js.map    527 KiB  application  [emitted] [dev]        application
                             manifest.json  364 bytes               [emitted]              
Entrypoint application = js/application-5bc43cd1015141b23922.js js/application-5bc43cd1015141b23922.js.map
[./app/javascript/channels sync recursive _channel\.js$] ./app/javascript/channels sync _channel\.js$ 160 bytes {application} [built]
[./app/javascript/channels/index.js] 211 bytes {application} [built]
[./app/javascript/packs/application.js] 799 bytes {application} [built]
[./node_modules/webpack/buildin/global.js] (webpack)/buildin/global.js 905 bytes {application} [built]
[./node_modules/webpack/buildin/module.js] (webpack)/buildin/module.js 552 bytes {application} [built]
    + 9 hidden modules

Completed 200 OK in 4159ms (Views: 4142.6ms | ActiveRecord: 0.4ms | Allocations: 71925)


Started GET "/" for ::1 at 2020-10-21 15:08:52 +0300
Processing by PostsController#index as HTML
  Rendering posts/index.html.erb within layouts/application
  [1m[36mPost Load (0.2ms)[0m  [1m[34mSELECT "posts".* FROM "posts"[0m
  ↳ app/views/posts/index.html.erb:24
  Rendered posts/index.html.erb within layouts/application (Duration: 1.4ms | Allocations: 598)
[Webpacker] Everything's up-to-date. Nothing to do
Completed 200 OK in 28ms (Views: 27.1ms | ActiveRecord: 0.2ms | Allocations: 14070)


Started GET "/" for ::1 at 2020-10-21 15:08:56 +0300
Processing by PostsController#index as HTML
  Rendering posts/index.html.erb within layouts/application
  [1m[36mPost Load (0.2ms)[0m  [1m[34mSELECT "posts".* FROM "posts"[0m
  ↳ app/views/posts/index.html.erb:24
  Rendered posts/index.html.erb within layouts/application (Duration: 1.4ms | Allocations: 599)
[Webpacker] Everything's up-to-date. Nothing to do
Completed 200 OK in 26ms (Views: 24.6ms | ActiveRecord: 0.2ms | Allocations: 14006)


Started GET "/posts/new" for ::1 at 2020-10-21 15:08:56 +0300
Processing by PostsController#new as HTML
  Rendering posts/new.html.erb within layouts/application
  Rendered posts/new.html.erb within layouts/application (Duration: 41.6ms | Allocations: 18085)
[Webpacker] Everything's up-to-date. Nothing to do
Completed 200 OK in 68ms (Views: 61.5ms | ActiveRecord: 1.0ms | Allocations: 34691)


Started GET "/posts" for ::1 at 2020-10-21 15:08:57 +0300
Processing by PostsController#index as HTML
  Rendering posts/index.html.erb within layouts/application
  [1m[36mPost Load (0.2ms)[0m  [1m[34mSELECT "posts".* FROM "posts"[0m
  ↳ app/views/posts/index.html.erb:24
  Rendered posts/index.html.erb within layouts/application (Duration: 1.2ms | Allocations: 597)
[Webpacker] Everything's up-to-date. Nothing to do
Completed 200 OK in 22ms (Views: 21.1ms | ActiveRecord: 0.2ms | Allocations: 13999)


Started GET "/posts/new" for ::1 at 2020-10-21 15:08:57 +0300
Processing by PostsController#new as HTML
  Rendering posts/new.html.erb within layouts/application
  Rendered posts/new.html.erb within layouts/application (Duration: 5.5ms | Allocations: 1235)
[Webpacker] Everything's up-to-date. Nothing to do
Completed 200 OK in 56ms (Views: 54.4ms | ActiveRecord: 0.0ms | Allocations: 14625)


Started POST "/posts" for ::1 at 2020-10-21 15:09:04 +0300
Processing by PostsController#create as HTML
  Parameters: {"authenticity_token"=>"HQoguWQn2g40kbB+YCfh9UZqeVVCTjt763UANC1t9Yqb1MtZf4F9m+2bYbX3ykButHBa1HWBRdF8A5ndXVlwNQ==", "post"=>{"title"=>"Hello world", "body"=>"<div>Hellow</div>"}, "commit"=>"Save Post"}
  [1m[35m (0.7ms)[0m  [1m[36mbegin transaction[0m
  ↳ app/controllers/posts_controller.rb:20:in `create'
  [1m[36mPost Create (0.5ms)[0m  [1m[32mINSERT INTO "posts" ("title", "created_at", "updated_at") VALUES (?, ?, ?)[0m  [["title", "Hello world"], ["created_at", "2020-10-21 12:09:04.706987"], ["updated_at", "2020-10-21 12:09:04.706987"]]
  ↳ app/controllers/posts_controller.rb:20:in `create'
  [1m[36mActionText::RichText Create (0.2ms)[0m  [1m[32mINSERT INTO "action_text_rich_texts" ("name", "body", "record_type", "record_id", "created_at", "updated_at") VALUES (?, ?, ?, ?, ?, ?)[0m  [["name", "body"], ["body", "<div>Hellow</div>"], ["record_type", "Post"], ["record_id", 1], ["created_at", "2020-10-21 12:09:04.756464"], ["updated_at", "2020-10-21 12:09:04.756464"]]
  ↳ app/controllers/posts_controller.rb:20:in `create'
  [1m[36mActiveStorage::Attachment Load (0.1ms)[0m  [1m[34mSELECT "active_storage_attachments".* FROM "active_storage_attachments" WHERE "active_storage_attachments"."record_id" = ? AND "active_storage_attachments"."record_type" = ? AND "active_storage_attachments"."name" = ?[0m  [["record_id", 1], ["record_type", "ActionText::RichText"], ["name", "embeds"]]
  ↳ app/controllers/posts_controller.rb:20:in `create'
  [1m[36mPost Update (0.1ms)[0m  [1m[33mUPDATE "posts" SET "updated_at" = ? WHERE "posts"."id" = ?[0m  [["updated_at", "2020-10-21 12:09:04.758393"], ["id", 1]]
  ↳ app/controllers/posts_controller.rb:20:in `create'
  [1m[35m (0.9ms)[0m  [1m[36mcommit transaction[0m
  ↳ app/controllers/posts_controller.rb:20:in `create'
Redirected to http://localhost:3000/posts/1
Completed 302 Found in 66ms (ActiveRecord: 2.6ms | Allocations: 22022)


Started GET "/posts/1" for ::1 at 2020-10-21 15:09:04 +0300
Processing by PostsController#show as HTML
  Parameters: {"id"=>"1"}
  [1m[36mPost Load (0.2ms)[0m  [1m[34mSELECT "posts".* FROM "posts" WHERE "posts"."id" = ? LIMIT ?[0m  [["id", 1], ["LIMIT", 1]]
  ↳ app/controllers/posts_controller.rb:9:in `show'
  Rendering posts/show.html.erb within layouts/application
  [1m[36mActionText::RichText Load (0.2ms)[0m  [1m[34mSELECT "action_text_rich_texts".* FROM "action_text_rich_texts" WHERE "action_text_rich_texts"."record_id" = ? AND "action_text_rich_texts"."record_type" = ? AND "action_text_rich_texts"."name" = ? LIMIT ?[0m  [["record_id", 1], ["record_type", "Post"], ["name", "body"], ["LIMIT", 1]]
  ↳ app/views/posts/show.html.erb:20
  Rendered /Library/Ruby/Gems/2.6.0/gems/actiontext-6.0.3.4/app/views/action_text/content/_layout.html.erb (Duration: 0.8ms | Allocations: 366)
  Rendered posts/show.html.erb within layouts/application (Duration: 5.1ms | Allocations: 2491)
[Webpacker] Everything's up-to-date. Nothing to do
Completed 200 OK in 20ms (Views: 17.9ms | ActiveRecord: 0.4ms | Allocations: 16692)


Started GET "/" for ::1 at 2020-10-21 15:09:06 +0300
Processing by PostsController#index as HTML
  Rendering posts/index.html.erb within layouts/application
  [1m[36mPost Load (0.2ms)[0m  [1m[34mSELECT "posts".* FROM "posts"[0m
  ↳ app/views/posts/index.html.erb:24
  [1m[36mActionText::RichText Load (0.2ms)[0m  [1m[34mSELECT "action_text_rich_texts".* FROM "action_text_rich_texts" WHERE "action_text_rich_texts"."record_id" = ? AND "action_text_rich_texts"."record_type" = ? AND "action_text_rich_texts"."name" = ? LIMIT ?[0m  [["record_id", 1], ["record_type", "Post"], ["name", "body"], ["LIMIT", 1]]
  ↳ app/views/posts/index.html.erb:28
  Rendered /Library/Ruby/Gems/2.6.0/gems/actiontext-6.0.3.4/app/views/action_text/content/_layout.html.erb (Duration: 0.7ms | Allocations: 255)
  Rendered posts/index.html.erb within layouts/application (Duration: 6.1ms | Allocations: 2225)
[Webpacker] Everything's up-to-date. Nothing to do
Completed 200 OK in 29ms (Views: 28.1ms | ActiveRecord: 0.4ms | Allocations: 15623)


Started GET "/posts/1" for ::1 at 2020-10-21 15:09:07 +0300
Processing by PostsController#show as HTML
  Parameters: {"id"=>"1"}
  [1m[36mPost Load (0.2ms)[0m  [1m[34mSELECT "posts".* FROM "posts" WHERE "posts"."id" = ? LIMIT ?[0m  [["id", 1], ["LIMIT", 1]]
  ↳ app/controllers/posts_controller.rb:9:in `show'
  Rendering posts/show.html.erb within layouts/application
  [1m[36mActionText::RichText Load (0.2ms)[0m  [1m[34mSELECT "action_text_rich_texts".* FROM "action_text_rich_texts" WHERE "action_text_rich_texts"."record_id" = ? AND "action_text_rich_texts"."record_type" = ? AND "action_text_rich_texts"."name" = ? LIMIT ?[0m  [["record_id", 1], ["record_type", "Post"], ["name", "body"], ["LIMIT", 1]]
  ↳ app/views/posts/show.html.erb:20
  Rendered /Library/Ruby/Gems/2.6.0/gems/actiontext-6.0.3.4/app/views/action_text/content/_layout.html.erb (Duration: 0.7ms | Allocations: 255)
  Rendered posts/show.html.erb within layouts/application (Duration: 4.6ms | Allocations: 1680)
[Webpacker] Everything's up-to-date. Nothing to do
Completed 200 OK in 25ms (Views: 22.2ms | ActiveRecord: 0.4ms | Allocations: 15594)


Started DELETE "/posts/1" for ::1 at 2020-10-21 15:09:10 +0300
Processing by PostsController#destroy as HTML
  Parameters: {"authenticity_token"=>"1E0vzCyCpyQfXIyNALtiMa5BQh+IxHhZ5hi4DLoWR/FSk8QsNyQAscZWXUaXVsOqXFthnr8LBvNxbiHlyiLCTg==", "id"=>"1"}
  [1m[36mPost Load (0.1ms)[0m  [1m[34mSELECT "posts".* FROM "posts" WHERE "posts"."id" = ? LIMIT ?[0m  [["id", 1], ["LIMIT", 1]]
  ↳ app/controllers/posts_controller.rb:42:in `destroy'
  [1m[35m (0.1ms)[0m  [1m[36mbegin transaction[0m
  ↳ app/controllers/posts_controller.rb:43:in `destroy'
  [1m[36mActionText::RichText Load (0.1ms)[0m  [1m[34mSELECT "action_text_rich_texts".* FROM "action_text_rich_texts" WHERE "action_text_rich_texts"."record_id" = ? AND "action_text_rich_texts"."record_type" = ? AND "action_text_rich_texts"."name" = ? LIMIT ?[0m  [["record_id", 1], ["record_type", "Post"], ["name", "body"], ["LIMIT", 1]]
  ↳ app/controllers/posts_controller.rb:43:in `destroy'
  [1m[36mActiveStorage::Attachment Load (0.1ms)[0m  [1m[34mSELECT "active_storage_attachments".* FROM "active_storage_attachments" WHERE "active_storage_attachments"."record_id" = ? AND "active_storage_attachments"."record_type" = ? AND "active_storage_attachments"."name" = ?[0m  [["record_id", 1], ["record_type", "ActionText::RichText"], ["name", "embeds"]]
  ↳ app/controllers/posts_controller.rb:43:in `destroy'
  [1m[36mActionText::RichText Destroy (0.5ms)[0m  [1m[31mDELETE FROM "action_text_rich_texts" WHERE "action_text_rich_texts"."id" = ?[0m  [["id", 1]]
  ↳ app/controllers/posts_controller.rb:43:in `destroy'
  [1m[36mPost Destroy (0.2ms)[0m  [1m[31mDELETE FROM "posts" WHERE "posts"."id" = ?[0m  [["id", 1]]
  ↳ app/controllers/posts_controller.rb:43:in `destroy'
  [1m[35m (0.9ms)[0m  [1m[36mcommit transaction[0m
  ↳ app/controllers/posts_controller.rb:43:in `destroy'
Redirected to http://localhost:3000/posts
Completed 302 Found in 14ms (ActiveRecord: 2.1ms | Allocations: 7076)


Started GET "/posts" for ::1 at 2020-10-21 15:09:10 +0300
Processing by PostsController#index as HTML
  Rendering posts/index.html.erb within layouts/application
  [1m[36mPost Load (0.3ms)[0m  [1m[34mSELECT "posts".* FROM "posts"[0m
  ↳ app/views/posts/index.html.erb:24
  Rendered posts/index.html.erb within layouts/application (Duration: 1.9ms | Allocations: 597)
[Webpacker] Everything's up-to-date. Nothing to do
Completed 200 OK in 26ms (Views: 24.5ms | ActiveRecord: 0.3ms | Allocations: 14001)


Started GET "/" for ::1 at 2020-10-21 15:09:11 +0300
Processing by PostsController#index as HTML
  Rendering posts/index.html.erb within layouts/application
  [1m[36mPost Load (0.2ms)[0m  [1m[34mSELECT "posts".* FROM "posts"[0m
  ↳ app/views/posts/index.html.erb:24
  Rendered posts/index.html.erb within layouts/application (Duration: 1.7ms | Allocations: 597)
[Webpacker] Everything's up-to-date. Nothing to do
Completed 200 OK in 19ms (Views: 17.6ms | ActiveRecord: 0.2ms | Allocations: 13995)


Started GET "/" for ::1 at 2020-10-21 15:10:26 +0300
Processing by PostsController#index as HTML
  Rendering posts/index.html.erb within layouts/application
  [1m[36mPost Load (0.1ms)[0m  [1m[34mSELECT "posts".* FROM "posts"[0m
  ↳ app/views/posts/index.html.erb:24
  Rendered posts/index.html.erb within layouts/application (Duration: 1.6ms | Allocations: 791)
[Webpacker] Everything's up-to-date. Nothing to do
Completed 200 OK in 29ms (Views: 27.6ms | ActiveRecord: 0.1ms | Allocations: 15621)


Started GET "/" for ::1 at 2020-10-21 15:10:30 +0300
Processing by PostsController#index as HTML
  Rendering posts/index.html.erb within layouts/application
  [1m[36mPost Load (0.1ms)[0m  [1m[34mSELECT "posts".* FROM "posts"[0m
  ↳ app/views/posts/index.html.erb:24
  Rendered posts/index.html.erb within layouts/application (Duration: 1.0ms | Allocations: 597)
[Webpacker] Everything's up-to-date. Nothing to do
Completed 200 OK in 14ms (Views: 13.1ms | ActiveRecord: 0.1ms | Allocations: 13999)


Started GET "/" for ::1 at 2020-10-21 15:10:31 +0300
Processing by PostsController#index as HTML
  Rendering posts/index.html.erb within layouts/application
  [1m[36mPost Load (0.2ms)[0m  [1m[34mSELECT "posts".* FROM "posts"[0m
  ↳ app/views/posts/index.html.erb:24
  Rendered posts/index.html.erb within layouts/application (Duration: 1.0ms | Allocations: 597)
[Webpacker] Everything's up-to-date. Nothing to do
Completed 200 OK in 16ms (Views: 15.2ms | ActiveRecord: 0.2ms | Allocations: 13995)


Started GET "/posts" for ::1 at 2020-10-21 15:10:32 +0300
Processing by PostsController#index as HTML
  Rendering posts/index.html.erb within layouts/application
  [1m[36mPost Load (0.1ms)[0m  [1m[34mSELECT "posts".* FROM "posts"[0m
  ↳ app/views/posts/index.html.erb:24
  Rendered posts/index.html.erb within layouts/application (Duration: 0.7ms | Allocations: 597)
[Webpacker] Everything's up-to-date. Nothing to do
Completed 200 OK in 13ms (Views: 12.7ms | ActiveRecord: 0.1ms | Allocations: 13993)


Started GET "/posts" for ::1 at 2020-10-21 15:10:32 +0300
Processing by PostsController#index as HTML
  Rendering posts/index.html.erb within layouts/application
  [1m[36mPost Load (0.1ms)[0m  [1m[34mSELECT "posts".* FROM "posts"[0m
  ↳ app/views/posts/index.html.erb:24
  Rendered posts/index.html.erb within layouts/application (Duration: 0.9ms | Allocations: 597)
[Webpacker] Everything's up-to-date. Nothing to do
Completed 200 OK in 14ms (Views: 13.8ms | ActiveRecord: 0.1ms | Allocations: 13992)


Started GET "/posts/new" for ::1 at 2020-10-21 15:10:33 +0300
Processing by PostsController#new as HTML
  Rendering posts/new.html.erb within layouts/application
  Rendered posts/new.html.erb within layouts/application (Duration: 2.9ms | Allocations: 1802)
[Webpacker] Everything's up-to-date. Nothing to do
Completed 200 OK in 16ms (Views: 15.3ms | ActiveRecord: 0.0ms | Allocations: 15338)


Started GET "/posts/new" for ::1 at 2020-10-21 15:17:18 +0300
  [1m[35m (0.0ms)[0m  [1m[34mSELECT sqlite_version(*)[0m
  [1m[35m (0.1ms)[0m  [1m[34mSELECT "schema_migrations"."version" FROM "schema_migrations" ORDER BY "schema_migrations"."version" ASC[0m
  
ActiveRecord::PendingMigrationError (

Migrations are pending. To resolve this issue, run:

        rails db:migrate RAILS_ENV=development

):
  
activerecord (6.0.3.4) lib/active_record/migration.rb:586:in `check_pending!'
activerecord (6.0.3.4) lib/active_record/migration.rb:564:in `call'
actionpack (6.0.3.4) lib/action_dispatch/middleware/callbacks.rb:27:in `block in call'
activesupport (6.0.3.4) lib/active_support/callbacks.rb:101:in `run_callbacks'
actionpack (6.0.3.4) lib/action_dispatch/middleware/callbacks.rb:26:in `call'
actionpack (6.0.3.4) lib/action_dispatch/middleware/executor.rb:14:in `call'
actionpack (6.0.3.4) lib/action_dispatch/middleware/actionable_exceptions.rb:18:in `call'
actionpack (6.0.3.4) lib/action_dispatch/middleware/debug_exceptions.rb:32:in `call'
web-console (4.0.4) lib/web_console/middleware.rb:132:in `call_app'
web-console (4.0.4) lib/web_console/middleware.rb:28:in `block in call'
web-console (4.0.4) lib/web_console/middleware.rb:17:in `catch'
web-console (4.0.4) lib/web_console/middleware.rb:17:in `call'
actionpack (6.0.3.4) lib/action_dispatch/middleware/show_exceptions.rb:33:in `call'
railties (6.0.3.4) lib/rails/rack/logger.rb:37:in `call_app'
railties (6.0.3.4) lib/rails/rack/logger.rb:26:in `block in call'
activesupport (6.0.3.4) lib/active_support/tagged_logging.rb:80:in `block in tagged'
activesupport (6.0.3.4) lib/active_support/tagged_logging.rb:28:in `tagged'
activesupport (6.0.3.4) lib/active_support/tagged_logging.rb:80:in `tagged'
railties (6.0.3.4) lib/rails/rack/logger.rb:26:in `call'
sprockets-rails (3.2.2) lib/sprockets/rails/quiet_assets.rb:13:in `call'
actionpack (6.0.3.4) lib/action_dispatch/middleware/remote_ip.rb:81:in `call'
actionpack (6.0.3.4) lib/action_dispatch/middleware/request_id.rb:27:in `call'
rack (2.2.3) lib/rack/method_override.rb:24:in `call'
rack (2.2.3) lib/rack/runtime.rb:22:in `call'
activesupport (6.0.3.4) lib/active_support/cache/strategy/local_cache_middleware.rb:29:in `call'
actionpack (6.0.3.4) lib/action_dispatch/middleware/executor.rb:14:in `call'
actionpack (6.0.3.4) lib/action_dispatch/middleware/static.rb:126:in `call'
rack (2.2.3) lib/rack/sendfile.rb:110:in `call'
actionpack (6.0.3.4) lib/action_dispatch/middleware/host_authorization.rb:82:in `call'
webpacker (4.3.0) lib/webpacker/dev_server_proxy.rb:23:in `perform_request'
rack-proxy (0.6.5) lib/rack/proxy.rb:57:in `call'
railties (6.0.3.4) lib/rails/engine.rb:527:in `call'
puma (4.3.6) lib/puma/configuration.rb:228:in `call'
puma (4.3.6) lib/puma/server.rb:713:in `handle_request'
puma (4.3.6) lib/puma/server.rb:472:in `process_client'
puma (4.3.6) lib/puma/server.rb:328:in `block in run'
puma (4.3.6) lib/puma/thread_pool.rb:134:in `block in spawn_thread'
Started POST "/rails/actions" for ::1 at 2020-10-21 15:17:21 +0300
  [1m[35m (0.1ms)[0m  [1m[34mSELECT "schema_migrations"."version" FROM "schema_migrations" ORDER BY "schema_migrations"."version" ASC[0m
Migrating to AddDescriptionToPosts (20201021121457)
  [1m[35m (0.1ms)[0m  [1m[36mbegin transaction[0m
  [1m[35m (0.5ms)[0m  [1m[35mALTER TABLE "posts" ADD "description" varchar[0m
  [1m[36mprimary::SchemaMigration Create (0.2ms)[0m  [1m[32mINSERT INTO "schema_migrations" ("version") VALUES (?)[0m  [["version", "20201021121457"]]
  [1m[35m (0.8ms)[0m  [1m[36mcommit transaction[0m
  [1m[36mActiveRecord::InternalMetadata Load (0.2ms)[0m  [1m[34mSELECT "ar_internal_metadata".* FROM "ar_internal_metadata" WHERE "ar_internal_metadata"."key" = ? LIMIT ?[0m  [["key", "environment"], ["LIMIT", 1]]
Started GET "/posts/new" for ::1 at 2020-10-21 15:17:21 +0300
  [1m[35m (0.1ms)[0m  [1m[34mSELECT "schema_migrations"."version" FROM "schema_migrations" ORDER BY "schema_migrations"."version" ASC[0m
Processing by PostsController#new as HTML
  Rendering posts/new.html.erb within layouts/application
  Rendered posts/new.html.erb within layouts/application (Duration: 1.7ms | Allocations: 1437)
[Webpacker] Everything's up-to-date. Nothing to do
Completed 200 OK in 17ms (Views: 16.3ms | ActiveRecord: 0.0ms | Allocations: 14830)


Started GET "/posts/new" for ::1 at 2020-10-21 15:17:42 +0300
  [1m[35m (0.1ms)[0m  [1m[34mSELECT "schema_migrations"."version" FROM "schema_migrations" ORDER BY "schema_migrations"."version" ASC[0m
Processing by PostsController#new as HTML
  Rendering posts/new.html.erb within layouts/application
  Rendered posts/new.html.erb within layouts/application (Duration: 5.5ms | Allocations: 3219)
Completed 500 Internal Server Error in 8ms (ActiveRecord: 0.0ms | Allocations: 4391)


  
ActionView::Template::Error (undefined method `description' for #<Post:0x00007fc57642bb78>):
    22: 
    23: <p>
    24:   <%=f.label :description %><br>
    25:   <%=f.text_field(:description, {:class => 'form-control'}) %>
    26: </p>
    27: 
    28: <p>
  
app/views/posts/new.html.erb:25
app/views/posts/new.html.erb:12
Started GET "/posts/new" for ::1 at 2020-10-21 15:20:19 +0300
Processing by PostsController#new as HTML
  Rendering posts/new.html.erb within layouts/application
  Rendered posts/new.html.erb within layouts/application (Duration: 2.6ms | Allocations: 1797)
[Webpacker] Everything's up-to-date. Nothing to do
Completed 200 OK in 18ms (Views: 17.4ms | ActiveRecord: 0.0ms | Allocations: 16621)


  [1m[35m (0.3ms)[0m  [1m[34mSELECT sqlite_version(*)[0m
  [1m[35m (0.1ms)[0m  [1m[34mSELECT "schema_migrations"."version" FROM "schema_migrations" ORDER BY "schema_migrations"."version" ASC[0m
  [1m[36mActiveRecord::InternalMetadata Load (0.1ms)[0m  [1m[34mSELECT "ar_internal_metadata".* FROM "ar_internal_metadata" WHERE "ar_internal_metadata"."key" = ? LIMIT ?[0m  [["key", "environment"], ["LIMIT", 1]]
  [1m[35m (0.0ms)[0m  [1m[34mSELECT sqlite_version(*)[0m
  [1m[35m (0.1ms)[0m  [1m[34mSELECT "schema_migrations"."version" FROM "schema_migrations" ORDER BY "schema_migrations"."version" ASC[0m
Started GET "/posts/new" for ::1 at 2020-10-21 15:21:30 +0300
  [1m[35m (0.1ms)[0m  [1m[34mSELECT sqlite_version(*)[0m
Processing by PostsController#new as HTML
  Rendering posts/new.html.erb within layouts/application
  Rendered posts/new.html.erb within layouts/application (Duration: 9.5ms | Allocations: 8990)
[Webpacker] Everything's up-to-date. Nothing to do
Completed 200 OK in 29ms (Views: 22.0ms | ActiveRecord: 0.9ms | Allocations: 28739)


Started GET "/posts/new" for ::1 at 2020-10-21 15:22:52 +0300
Processing by PostsController#new as HTML
  Rendering posts/new.html.erb within layouts/application
  Rendered posts/new.html.erb within layouts/application (Duration: 2.2ms | Allocations: 1729)
[Webpacker] Everything's up-to-date. Nothing to do
Completed 200 OK in 15ms (Views: 14.7ms | ActiveRecord: 0.0ms | Allocations: 16537)


Started GET "/" for ::1 at 2020-10-21 15:24:12 +0300
Processing by PostsController#index as HTML
  Rendering posts/index.html.erb within layouts/application
  [1m[36mPost Load (0.2ms)[0m  [1m[34mSELECT "posts".* FROM "posts"[0m
  ↳ app/views/posts/index.html.erb:24
  Rendered posts/index.html.erb within layouts/application (Duration: 1.2ms | Allocations: 816)
[Webpacker] Everything's up-to-date. Nothing to do
Completed 200 OK in 15ms (Views: 14.4ms | ActiveRecord: 0.2ms | Allocations: 15672)


Started GET "/" for ::1 at 2020-10-21 15:24:16 +0300
Processing by PostsController#index as HTML
  Rendering posts/index.html.erb within layouts/application
  [1m[36mPost Load (0.1ms)[0m  [1m[34mSELECT "posts".* FROM "posts"[0m
  ↳ app/views/posts/index.html.erb:24
  Rendered posts/index.html.erb within layouts/application (Duration: 0.8ms | Allocations: 597)
[Webpacker] Everything's up-to-date. Nothing to do
Completed 200 OK in 14ms (Views: 13.2ms | ActiveRecord: 0.1ms | Allocations: 13998)


Started GET "/" for ::1 at 2020-10-21 15:24:16 +0300
Processing by PostsController#index as HTML
  Rendering posts/index.html.erb within layouts/application
  [1m[36mPost Load (0.1ms)[0m  [1m[34mSELECT "posts".* FROM "posts"[0m
  ↳ app/views/posts/index.html.erb:24
  Rendered posts/index.html.erb within layouts/application (Duration: 0.8ms | Allocations: 597)
[Webpacker] Everything's up-to-date. Nothing to do
Completed 200 OK in 15ms (Views: 14.2ms | ActiveRecord: 0.1ms | Allocations: 13995)


Started GET "/posts" for ::1 at 2020-10-21 15:24:17 +0300
Processing by PostsController#index as HTML
  Rendering posts/index.html.erb within layouts/application
  [1m[36mPost Load (0.1ms)[0m  [1m[34mSELECT "posts".* FROM "posts"[0m
  ↳ app/views/posts/index.html.erb:24
  Rendered posts/index.html.erb within layouts/application (Duration: 0.9ms | Allocations: 597)
[Webpacker] Everything's up-to-date. Nothing to do
Completed 200 OK in 14ms (Views: 13.2ms | ActiveRecord: 0.1ms | Allocations: 13995)


Started GET "/posts/new" for ::1 at 2020-10-21 15:24:17 +0300
Processing by PostsController#new as HTML
  Rendering posts/new.html.erb within layouts/application
  Rendered posts/new.html.erb within layouts/application (Duration: 2.9ms | Allocations: 1729)
[Webpacker] Everything's up-to-date. Nothing to do
Completed 200 OK in 16ms (Views: 15.4ms | ActiveRecord: 0.0ms | Allocations: 15265)


Started POST "/posts" for ::1 at 2020-10-21 15:24:53 +0300
Processing by PostsController#create as HTML
  Parameters: {"authenticity_token"=>"V0AbOtH1JpEpEqBZnlQvlq1PvdiLaygZseXgRtqKe6rRnvDaylOBBPAYcZIJuY4NX1WeWbykVrMmk3mvqr7+FQ==", "post"=>{"title"=>"Get started self-education", "description"=>"How many times had you blamed yourself for being lazy? What do you want to achieve something, but you don't have time for this?", "body"=>"<div><br>How many times had you blamed yourself for being lazy? What do you want to achieve something, but you don't have time for this?<br><br></div><div>The easiest way out of this situation is to start doing something.<br><br></div><div>The many factors that prevent you from achieving your goals are mostly fictitious. The time we spend watching TV shows, partying with friends and doing nothing, can be spent on in the future to benefit us.<br><br></div><div>At first, you will have to leave your comfort zone in order to set yourself up for such a lifestyle. You wants to return your habits, idleness, it will seem that you are very tired. However, this is simply a reaction of the body to changes in lifestyle. And the main thing that you will learn if you don't give up is to learn.<br><br></div><div>In life, self-education is the key that opens many doors for us. We constantly train our brains and even life tasks that we had been thinking about for a long time, now seem easier. We are gaining experience. Over time, this becomes our habit, and as a rule, we are looking in our circle of people with whom we are interested in communicating. The more we know, the more interesting are the people around us and the more people who create something, and not just consume. In the future, such acquaintances may help us find a job or even open a business, as in addition to communicating with interesting people, we get part of their experience and energy with which they do their work. This energy is pushing us to create something ourselves.<br><br></div><div>Now we have many tools, a huge amount of knowledge that can be used to invent things in any industry. And if we do not use this knowledge, then no one will use it.<br><br></div>"}, "commit"=>"Save Post"}
[31mUnpermitted parameter: :description[0m
  [1m[35m (0.1ms)[0m  [1m[36mbegin transaction[0m
  ↳ app/controllers/posts_controller.rb:20:in `create'
  [1m[36mPost Create (0.4ms)[0m  [1m[32mINSERT INTO "posts" ("title", "created_at", "updated_at") VALUES (?, ?, ?)[0m  [["title", "Get started self-education"], ["created_at", "2020-10-21 12:24:53.110175"], ["updated_at", "2020-10-21 12:24:53.110175"]]
  ↳ app/controllers/posts_controller.rb:20:in `create'
  [1m[36mActionText::RichText Create (0.2ms)[0m  [1m[32mINSERT INTO "action_text_rich_texts" ("name", "body", "record_type", "record_id", "created_at", "updated_at") VALUES (?, ?, ?, ?, ?, ?)[0m  [["name", "body"], ["body", "<div><br>How many times had you blamed yourself for being lazy? What do you want to achieve something, but you don't have time for this?<br><br></div><div>The easiest way out of this situation is to start doing something.<br><br></div><div>The many factors that prevent you from achieving your goals are mostly fictitious. The time we spend watching TV shows, partying with friends and doing nothing, can be spent on in the future to benefit us.<br><br></div><div>At first, you will have to leave your comfort zone in order to set yourself up for such a lifestyle. You wants to return your habits, idleness, it will seem that you are very tired. However, this is simply a reaction of the body to changes in lifestyle. And the main thing that you will learn if you don't give up is to learn.<br><br></div><div>In life, self-education is the key that opens many doors for us. We constantly train our brains and even life tasks that we had been thinking about for a long time, now seem easier. We are gaining experience. Over time, this becomes our habit, and as a rule, we are looking in our circle of people with whom we are interested in communicating. The more we know, the more interesting are the people around us and the more people who create something, and not just consume. In the future, such acquaintances may help us find a job or even open a business, as in addition to communicating with interesting people, we get part of their experience and energy with which they do their work. This energy is pushing us to create something ourselves.<br><br></div><div>Now we have many tools, a huge amount of knowledge that can be used to invent things in any industry. And if we do not use this knowledge, then no one will use it.<br><br></div>"], ["record_type", "Post"], ["record_id", 2], ["created_at", "2020-10-21 12:24:53.123449"], ["updated_at", "2020-10-21 12:24:53.123449"]]
  ↳ app/controllers/posts_controller.rb:20:in `create'
  [1m[36mActiveStorage::Attachment Load (0.2ms)[0m  [1m[34mSELECT "active_storage_attachments".* FROM "active_storage_attachments" WHERE "active_storage_attachments"."record_id" = ? AND "active_storage_attachments"."record_type" = ? AND "active_storage_attachments"."name" = ?[0m  [["record_id", 2], ["record_type", "ActionText::RichText"], ["name", "embeds"]]
  ↳ app/controllers/posts_controller.rb:20:in `create'
  [1m[36mPost Update (0.1ms)[0m  [1m[33mUPDATE "posts" SET "updated_at" = ? WHERE "posts"."id" = ?[0m  [["updated_at", "2020-10-21 12:24:53.125118"], ["id", 2]]
  ↳ app/controllers/posts_controller.rb:20:in `create'
  [1m[35m (1.2ms)[0m  [1m[36mcommit transaction[0m
  ↳ app/controllers/posts_controller.rb:20:in `create'
Redirected to http://localhost:3000/posts/2
Completed 302 Found in 25ms (ActiveRecord: 2.3ms | Allocations: 16370)


Started GET "/posts/2" for ::1 at 2020-10-21 15:24:53 +0300
Processing by PostsController#show as HTML
  Parameters: {"id"=>"2"}
  [1m[36mPost Load (0.2ms)[0m  [1m[34mSELECT "posts".* FROM "posts" WHERE "posts"."id" = ? LIMIT ?[0m  [["id", 2], ["LIMIT", 1]]
  ↳ app/controllers/posts_controller.rb:9:in `show'
  Rendering posts/show.html.erb within layouts/application
  [1m[36mActionText::RichText Load (0.4ms)[0m  [1m[34mSELECT "action_text_rich_texts".* FROM "action_text_rich_texts" WHERE "action_text_rich_texts"."record_id" = ? AND "action_text_rich_texts"."record_type" = ? AND "action_text_rich_texts"."name" = ? LIMIT ?[0m  [["record_id", 2], ["record_type", "Post"], ["name", "body"], ["LIMIT", 1]]
  ↳ app/views/posts/show.html.erb:20
  Rendered /Library/Ruby/Gems/2.6.0/gems/actiontext-6.0.3.4/app/views/action_text/content/_layout.html.erb (Duration: 1.4ms | Allocations: 919)
  Rendered posts/show.html.erb within layouts/application (Duration: 7.3ms | Allocations: 3140)
[Webpacker] Everything's up-to-date. Nothing to do
Completed 200 OK in 34ms (Views: 30.9ms | ActiveRecord: 0.6ms | Allocations: 17333)


Started GET "/" for ::1 at 2020-10-21 15:24:56 +0300
Processing by PostsController#index as HTML
  Rendering posts/index.html.erb within layouts/application
  [1m[36mPost Load (0.2ms)[0m  [1m[34mSELECT "posts".* FROM "posts"[0m
  ↳ app/views/posts/index.html.erb:24
  Rendered posts/index.html.erb within layouts/application (Duration: 1.4ms | Allocations: 648)
[Webpacker] Everything's up-to-date. Nothing to do
Completed 200 OK in 20ms (Views: 19.1ms | ActiveRecord: 0.2ms | Allocations: 14037)


Started GET "/posts/2" for ::1 at 2020-10-21 15:25:05 +0300
Processing by PostsController#show as HTML
  Parameters: {"id"=>"2"}
  [1m[36mPost Load (0.2ms)[0m  [1m[34mSELECT "posts".* FROM "posts" WHERE "posts"."id" = ? LIMIT ?[0m  [["id", 2], ["LIMIT", 1]]
  ↳ app/controllers/posts_controller.rb:9:in `show'
  Rendering posts/show.html.erb within layouts/application
  [1m[36mActionText::RichText Load (0.2ms)[0m  [1m[34mSELECT "action_text_rich_texts".* FROM "action_text_rich_texts" WHERE "action_text_rich_texts"."record_id" = ? AND "action_text_rich_texts"."record_type" = ? AND "action_text_rich_texts"."name" = ? LIMIT ?[0m  [["record_id", 2], ["record_type", "Post"], ["name", "body"], ["LIMIT", 1]]
  ↳ app/views/posts/show.html.erb:20
  Rendered /Library/Ruby/Gems/2.6.0/gems/actiontext-6.0.3.4/app/views/action_text/content/_layout.html.erb (Duration: 1.9ms | Allocations: 814)
  Rendered posts/show.html.erb within layouts/application (Duration: 5.9ms | Allocations: 2357)
[Webpacker] Everything's up-to-date. Nothing to do
Completed 200 OK in 23ms (Views: 20.9ms | ActiveRecord: 0.4ms | Allocations: 16272)


Started GET "/posts/2/edit" for ::1 at 2020-10-21 15:25:07 +0300
Processing by PostsController#edit as HTML
  Parameters: {"id"=>"2"}
  [1m[36mPost Load (0.2ms)[0m  [1m[34mSELECT "posts".* FROM "posts" WHERE "posts"."id" = ? LIMIT ?[0m  [["id", 2], ["LIMIT", 1]]
  ↳ app/controllers/posts_controller.rb:28:in `edit'
  Rendering posts/edit.html.erb within layouts/application
  [1m[36mActionText::RichText Load (0.1ms)[0m  [1m[34mSELECT "action_text_rich_texts".* FROM "action_text_rich_texts" WHERE "action_text_rich_texts"."record_id" = ? AND "action_text_rich_texts"."record_type" = ? AND "action_text_rich_texts"."name" = ? LIMIT ?[0m  [["record_id", 2], ["record_type", "Post"], ["name", "body"], ["LIMIT", 1]]
  ↳ app/views/posts/edit.html.erb:30
  Rendered posts/edit.html.erb within layouts/application (Duration: 4.0ms | Allocations: 3042)
[Webpacker] Everything's up-to-date. Nothing to do
Completed 200 OK in 17ms (Views: 14.9ms | ActiveRecord: 0.3ms | Allocations: 17104)


Started GET "/posts/2/edit" for ::1 at 2020-10-21 15:25:25 +0300
Processing by PostsController#edit as HTML
  Parameters: {"id"=>"2"}
  [1m[36mPost Load (0.1ms)[0m  [1m[34mSELECT "posts".* FROM "posts" WHERE "posts"."id" = ? LIMIT ?[0m  [["id", 2], ["LIMIT", 1]]
  ↳ app/controllers/posts_controller.rb:28:in `edit'
  Rendering posts/edit.html.erb within layouts/application
  [1m[36mActionText::RichText Load (0.1ms)[0m  [1m[34mSELECT "action_text_rich_texts".* FROM "action_text_rich_texts" WHERE "action_text_rich_texts"."record_id" = ? AND "action_text_rich_texts"."record_type" = ? AND "action_text_rich_texts"."name" = ? LIMIT ?[0m  [["record_id", 2], ["record_type", "Post"], ["name", "body"], ["LIMIT", 1]]
  ↳ app/views/posts/edit.html.erb:30
  Rendered posts/edit.html.erb within layouts/application (Duration: 4.5ms | Allocations: 3028)
[Webpacker] Everything's up-to-date. Nothing to do
Completed 200 OK in 19ms (Views: 17.2ms | ActiveRecord: 0.2ms | Allocations: 18371)


Started GET "/" for ::1 at 2020-10-21 15:26:25 +0300
  [1m[35m (0.1ms)[0m  [1m[34mSELECT sqlite_version(*)[0m
Processing by PostsController#index as HTML
  Rendering posts/index.html.erb within layouts/application
  [1m[36mPost Load (0.2ms)[0m  [1m[34mSELECT "posts".* FROM "posts"[0m
  ↳ app/views/posts/index.html.erb:24
  Rendered posts/index.html.erb within layouts/application (Duration: 6.2ms | Allocations: 5036)
[Webpacker] Everything's up-to-date. Nothing to do
Completed 200 OK in 35ms (Views: 32.0ms | ActiveRecord: 0.8ms | Allocations: 19558)


Started GET "/posts/2" for ::1 at 2020-10-21 15:26:27 +0300
Processing by PostsController#show as HTML
  Parameters: {"id"=>"2"}
  [1m[36mPost Load (0.6ms)[0m  [1m[34mSELECT "posts".* FROM "posts" WHERE "posts"."id" = ? LIMIT ?[0m  [["id", 2], ["LIMIT", 1]]
  ↳ app/controllers/posts_controller.rb:9:in `show'
  Rendering posts/show.html.erb within layouts/application
  [1m[36mActionText::RichText Load (0.2ms)[0m  [1m[34mSELECT "action_text_rich_texts".* FROM "action_text_rich_texts" WHERE "action_text_rich_texts"."record_id" = ? AND "action_text_rich_texts"."record_type" = ? AND "action_text_rich_texts"."name" = ? LIMIT ?[0m  [["record_id", 2], ["record_type", "Post"], ["name", "body"], ["LIMIT", 1]]
  ↳ app/views/posts/show.html.erb:20
  Rendered /Library/Ruby/Gems/2.6.0/gems/actiontext-6.0.3.4/app/views/action_text/content/_layout.html.erb (Duration: 1.6ms | Allocations: 919)
  Rendered posts/show.html.erb within layouts/application (Duration: 18.0ms | Allocations: 10286)
[Webpacker] Everything's up-to-date. Nothing to do
Completed 200 OK in 35ms (Views: 29.7ms | ActiveRecord: 1.4ms | Allocations: 24372)


Started GET "/posts/2/edit" for ::1 at 2020-10-21 15:26:32 +0300
Processing by PostsController#edit as HTML
  Parameters: {"id"=>"2"}
  [1m[36mPost Load (0.2ms)[0m  [1m[34mSELECT "posts".* FROM "posts" WHERE "posts"."id" = ? LIMIT ?[0m  [["id", 2], ["LIMIT", 1]]
  ↳ app/controllers/posts_controller.rb:28:in `edit'
  Rendering posts/edit.html.erb within layouts/application
  [1m[36mActionText::RichText Load (0.2ms)[0m  [1m[34mSELECT "action_text_rich_texts".* FROM "action_text_rich_texts" WHERE "action_text_rich_texts"."record_id" = ? AND "action_text_rich_texts"."record_type" = ? AND "action_text_rich_texts"."name" = ? LIMIT ?[0m  [["record_id", 2], ["record_type", "Post"], ["name", "body"], ["LIMIT", 1]]
  ↳ app/views/posts/edit.html.erb:30
  Rendered posts/edit.html.erb within layouts/application (Duration: 5.8ms | Allocations: 2756)
[Webpacker] Everything's up-to-date. Nothing to do
Completed 200 OK in 23ms (Views: 20.7ms | ActiveRecord: 0.4ms | Allocations: 16674)


Started PATCH "/posts/2" for ::1 at 2020-10-21 15:26:36 +0300
Processing by PostsController#update as HTML
  Parameters: {"authenticity_token"=>"G2rw4FFZfqOT1Td+lciKmR29p/NEIgfQY5RgSM3bp+aLQ3WvHPbsRWTo27dq3cmhxjjRjVBzhrtG+ioElBRpEg==", "post"=>{"title"=>"Get started self-education", "description"=>"How many times had you blamed yourself for being lazy? What do you want to achieve something, but you don't have time for this?", "body"=>"<div><br>How many times had you blamed yourself for being lazy? What do you want to achieve something, but you don't have time for this?<br><br></div><div>The easiest way out of this situation is to start doing something.<br><br></div><div>The many factors that prevent you from achieving your goals are mostly fictitious. The time we spend watching TV shows, partying with friends and doing nothing, can be spent on in the future to benefit us.<br><br></div><div>At first, you will have to leave your comfort zone in order to set yourself up for such a lifestyle. You wants to return your habits, idleness, it will seem that you are very tired. However, this is simply a reaction of the body to changes in lifestyle. And the main thing that you will learn if you don't give up is to learn.<br><br></div><div>In life, self-education is the key that opens many doors for us. We constantly train our brains and even life tasks that we had been thinking about for a long time, now seem easier. We are gaining experience. Over time, this becomes our habit, and as a rule, we are looking in our circle of people with whom we are interested in communicating. The more we know, the more interesting are the people around us and the more people who create something, and not just consume. In the future, such acquaintances may help us find a job or even open a business, as in addition to communicating with interesting people, we get part of their experience and energy with which they do their work. This energy is pushing us to create something ourselves.<br><br></div><div>Now we have many tools, a huge amount of knowledge that can be used to invent things in any industry. And if we do not use this knowledge, then no one will use it.<br><br></div>"}, "commit"=>"Save Post", "id"=>"2"}
  [1m[36mPost Load (0.1ms)[0m  [1m[34mSELECT "posts".* FROM "posts" WHERE "posts"."id" = ? LIMIT ?[0m  [["id", 2], ["LIMIT", 1]]
  ↳ app/controllers/posts_controller.rb:32:in `update'
  [1m[35m (0.1ms)[0m  [1m[36mbegin transaction[0m
  ↳ app/controllers/posts_controller.rb:34:in `update'
  [1m[36mActionText::RichText Load (0.1ms)[0m  [1m[34mSELECT "action_text_rich_texts".* FROM "action_text_rich_texts" WHERE "action_text_rich_texts"."record_id" = ? AND "action_text_rich_texts"."record_type" = ? AND "action_text_rich_texts"."name" = ? LIMIT ?[0m  [["record_id", 2], ["record_type", "Post"], ["name", "body"], ["LIMIT", 1]]
  ↳ app/controllers/posts_controller.rb:34:in `update'
  Rendered /Library/Ruby/Gems/2.6.0/gems/actiontext-6.0.3.4/app/views/action_text/content/_layout.html.erb (Duration: 1.0ms | Allocations: 812)
  Rendered /Library/Ruby/Gems/2.6.0/gems/actiontext-6.0.3.4/app/views/action_text/content/_layout.html.erb (Duration: 0.9ms | Allocations: 812)
  [1m[36mPost Update (0.4ms)[0m  [1m[33mUPDATE "posts" SET "description" = ?, "updated_at" = ? WHERE "posts"."id" = ?[0m  [["description", "How many times had you blamed yourself for being lazy? What do you want to achieve something, but you don't have time for this?"], ["updated_at", "2020-10-21 12:26:36.671839"], ["id", 2]]
  ↳ app/controllers/posts_controller.rb:34:in `update'
  Rendered /Library/Ruby/Gems/2.6.0/gems/actiontext-6.0.3.4/app/views/action_text/content/_layout.html.erb (Duration: 1.5ms | Allocations: 812)
  Rendered /Library/Ruby/Gems/2.6.0/gems/actiontext-6.0.3.4/app/views/action_text/content/_layout.html.erb (Duration: 1.5ms | Allocations: 812)
  [1m[35m (1.5ms)[0m  [1m[36mcommit transaction[0m
  ↳ app/controllers/posts_controller.rb:34:in `update'
Redirected to http://localhost:3000/posts/2
Completed 302 Found in 19ms (ActiveRecord: 2.2ms | Allocations: 10256)


Started GET "/posts/2" for ::1 at 2020-10-21 15:26:36 +0300
Processing by PostsController#show as HTML
  Parameters: {"id"=>"2"}
  [1m[36mPost Load (0.1ms)[0m  [1m[34mSELECT "posts".* FROM "posts" WHERE "posts"."id" = ? LIMIT ?[0m  [["id", 2], ["LIMIT", 1]]
  ↳ app/controllers/posts_controller.rb:9:in `show'
  Rendering posts/show.html.erb within layouts/application
  [1m[36mActionText::RichText Load (0.2ms)[0m  [1m[34mSELECT "action_text_rich_texts".* FROM "action_text_rich_texts" WHERE "action_text_rich_texts"."record_id" = ? AND "action_text_rich_texts"."record_type" = ? AND "action_text_rich_texts"."name" = ? LIMIT ?[0m  [["record_id", 2], ["record_type", "Post"], ["name", "body"], ["LIMIT", 1]]
  ↳ app/views/posts/show.html.erb:20
  Rendered /Library/Ruby/Gems/2.6.0/gems/actiontext-6.0.3.4/app/views/action_text/content/_layout.html.erb (Duration: 1.2ms | Allocations: 812)
  Rendered posts/show.html.erb within layouts/application (Duration: 5.8ms | Allocations: 2353)
[Webpacker] Everything's up-to-date. Nothing to do
Completed 200 OK in 21ms (Views: 19.0ms | ActiveRecord: 0.4ms | Allocations: 16278)


Started GET "/" for ::1 at 2020-10-21 15:26:39 +0300
Processing by PostsController#index as HTML
  Rendering posts/index.html.erb within layouts/application
  [1m[36mPost Load (0.2ms)[0m  [1m[34mSELECT "posts".* FROM "posts"[0m
  ↳ app/views/posts/index.html.erb:24
  Rendered posts/index.html.erb within layouts/application (Duration: 2.0ms | Allocations: 652)
[Webpacker] Everything's up-to-date. Nothing to do
Completed 200 OK in 32ms (Views: 31.0ms | ActiveRecord: 0.2ms | Allocations: 14043)


Started GET "/posts/2" for ::1 at 2020-10-21 15:26:47 +0300
Processing by PostsController#show as HTML
  Parameters: {"id"=>"2"}
  [1m[36mPost Load (0.3ms)[0m  [1m[34mSELECT "posts".* FROM "posts" WHERE "posts"."id" = ? LIMIT ?[0m  [["id", 2], ["LIMIT", 1]]
  ↳ app/controllers/posts_controller.rb:9:in `show'
  Rendering posts/show.html.erb within layouts/application
  [1m[36mActionText::RichText Load (0.3ms)[0m  [1m[34mSELECT "action_text_rich_texts".* FROM "action_text_rich_texts" WHERE "action_text_rich_texts"."record_id" = ? AND "action_text_rich_texts"."record_type" = ? AND "action_text_rich_texts"."name" = ? LIMIT ?[0m  [["record_id", 2], ["record_type", "Post"], ["name", "body"], ["LIMIT", 1]]
  ↳ app/views/posts/show.html.erb:20
  Rendered /Library/Ruby/Gems/2.6.0/gems/actiontext-6.0.3.4/app/views/action_text/content/_layout.html.erb (Duration: 1.5ms | Allocations: 812)
  Rendered posts/show.html.erb within layouts/application (Duration: 6.8ms | Allocations: 2353)
[Webpacker] Everything's up-to-date. Nothing to do
Completed 200 OK in 25ms (Views: 22.1ms | ActiveRecord: 0.6ms | Allocations: 16277)


Started GET "/posts/2/edit" for ::1 at 2020-10-21 15:26:50 +0300
Processing by PostsController#edit as HTML
  Parameters: {"id"=>"2"}
  [1m[36mPost Load (0.2ms)[0m  [1m[34mSELECT "posts".* FROM "posts" WHERE "posts"."id" = ? LIMIT ?[0m  [["id", 2], ["LIMIT", 1]]
  ↳ app/controllers/posts_controller.rb:28:in `edit'
  Rendering posts/edit.html.erb within layouts/application
  [1m[36mActionText::RichText Load (0.2ms)[0m  [1m[34mSELECT "action_text_rich_texts".* FROM "action_text_rich_texts" WHERE "action_text_rich_texts"."record_id" = ? AND "action_text_rich_texts"."record_type" = ? AND "action_text_rich_texts"."name" = ? LIMIT ?[0m  [["record_id", 2], ["record_type", "Post"], ["name", "body"], ["LIMIT", 1]]
  ↳ app/views/posts/edit.html.erb:30
  Rendered posts/edit.html.erb within layouts/application (Duration: 5.5ms | Allocations: 2691)
[Webpacker] Everything's up-to-date. Nothing to do
Completed 200 OK in 22ms (Views: 19.7ms | ActiveRecord: 0.4ms | Allocations: 16610)


Started PATCH "/posts/2" for ::1 at 2020-10-21 15:27:00 +0300
Processing by PostsController#update as HTML
  Parameters: {"authenticity_token"=>"BT/MODlMQCdmx6j3Una6LvsNCbiPvIvWY41Q+DsWfveVFkl3dOPSwZH6RD6tY/kWIIh/xpvtCr1G4xq0YtmwAw==", "post"=>{"title"=>"Get started self-education", "description"=>"How many times had you blamed yourself for being lazy? What do you want to achieve something, but you don't have time for this?", "body"=>"<div><br>How many times had you blamed yourself for being lazy? What do you want to achieve something, but you don't have time for this?<br><br></div><div>The easiest way out of this situation is to start doing something.<br><br></div><div>The many factors that prevent you from achieving your goals are mostly fictitious. The time we spend watching TV shows, partying with friends and doing nothing, can be spent on in the future to benefit us.<br><br></div><div>At first, you will have to leave your comfort zone in order to set yourself up for such a lifestyle. You wants to return your habits, idleness, it will seem that you are very tired. However, this is simply a reaction of the body to changes in lifestyle. And the main thing that you will learn if you don't give up is to learn.<br><br></div><div>In life, self-education is the key that opens many doors for us. We constantly train our brains and even life tasks that we had been thinking about for a long time, now seem easier. We are gaining experience. Over time, this becomes our habit, and as a rule, we are looking in our circle of people with whom we are interested in communicating. The more we know, the more interesting are the people around us and the more people who create something, and not just consume. In the future, such acquaintances may help us find a job or even open a business, as in addition to communicating with interesting people, we get part of their experience and energy with which they do their work. This energy is pushing us to create something ourselves.<br><br></div><div>Now we have many tools, a huge amount of knowledge that can be used to invent things in any industry. And if we do not use this knowledge, then no one will use it.<br><br></div>"}, "commit"=>"Save Post", "id"=>"2"}
  [1m[36mPost Load (0.2ms)[0m  [1m[34mSELECT "posts".* FROM "posts" WHERE "posts"."id" = ? LIMIT ?[0m  [["id", 2], ["LIMIT", 1]]
  ↳ app/controllers/posts_controller.rb:32:in `update'
  [1m[35m (0.1ms)[0m  [1m[36mbegin transaction[0m
  ↳ app/controllers/posts_controller.rb:34:in `update'
  [1m[36mActionText::RichText Load (0.1ms)[0m  [1m[34mSELECT "action_text_rich_texts".* FROM "action_text_rich_texts" WHERE "action_text_rich_texts"."record_id" = ? AND "action_text_rich_texts"."record_type" = ? AND "action_text_rich_texts"."name" = ? LIMIT ?[0m  [["record_id", 2], ["record_type", "Post"], ["name", "body"], ["LIMIT", 1]]
  ↳ app/controllers/posts_controller.rb:34:in `update'
  Rendered /Library/Ruby/Gems/2.6.0/gems/actiontext-6.0.3.4/app/views/action_text/content/_layout.html.erb (Duration: 1.2ms | Allocations: 814)
  Rendered /Library/Ruby/Gems/2.6.0/gems/actiontext-6.0.3.4/app/views/action_text/content/_layout.html.erb (Duration: 1.1ms | Allocations: 812)
  Rendered /Library/Ruby/Gems/2.6.0/gems/actiontext-6.0.3.4/app/views/action_text/content/_layout.html.erb (Duration: 1.0ms | Allocations: 812)
  Rendered /Library/Ruby/Gems/2.6.0/gems/actiontext-6.0.3.4/app/views/action_text/content/_layout.html.erb (Duration: 1.2ms | Allocations: 812)
  [1m[35m (0.1ms)[0m  [1m[36mcommit transaction[0m
  ↳ app/controllers/posts_controller.rb:34:in `update'
Redirected to http://localhost:3000/posts/2
Completed 302 Found in 16ms (ActiveRecord: 0.4ms | Allocations: 9311)


Started GET "/posts/2" for ::1 at 2020-10-21 15:27:00 +0300
Processing by PostsController#show as HTML
  Parameters: {"id"=>"2"}
  [1m[36mPost Load (0.1ms)[0m  [1m[34mSELECT "posts".* FROM "posts" WHERE "posts"."id" = ? LIMIT ?[0m  [["id", 2], ["LIMIT", 1]]
  ↳ app/controllers/posts_controller.rb:9:in `show'
  Rendering posts/show.html.erb within layouts/application
  [1m[36mActionText::RichText Load (0.2ms)[0m  [1m[34mSELECT "action_text_rich_texts".* FROM "action_text_rich_texts" WHERE "action_text_rich_texts"."record_id" = ? AND "action_text_rich_texts"."record_type" = ? AND "action_text_rich_texts"."name" = ? LIMIT ?[0m  [["record_id", 2], ["record_type", "Post"], ["name", "body"], ["LIMIT", 1]]
  ↳ app/views/posts/show.html.erb:20
  Rendered /Library/Ruby/Gems/2.6.0/gems/actiontext-6.0.3.4/app/views/action_text/content/_layout.html.erb (Duration: 1.2ms | Allocations: 812)
  Rendered posts/show.html.erb within layouts/application (Duration: 3.7ms | Allocations: 2353)
[Webpacker] Everything's up-to-date. Nothing to do
Completed 200 OK in 17ms (Views: 15.4ms | ActiveRecord: 0.3ms | Allocations: 16269)


Started GET "/" for ::1 at 2020-10-21 15:27:03 +0300
Processing by PostsController#index as HTML
  Rendering posts/index.html.erb within layouts/application
  [1m[36mPost Load (0.2ms)[0m  [1m[34mSELECT "posts".* FROM "posts"[0m
  ↳ app/views/posts/index.html.erb:24
  Rendered posts/index.html.erb within layouts/application (Duration: 1.4ms | Allocations: 652)
[Webpacker] Everything's up-to-date. Nothing to do
Completed 200 OK in 21ms (Views: 20.0ms | ActiveRecord: 0.2ms | Allocations: 14039)


Started GET "/" for ::1 at 2020-10-21 15:27:29 +0300
Processing by PostsController#index as HTML
  Rendering posts/index.html.erb within layouts/application
  [1m[36mPost Load (0.1ms)[0m  [1m[34mSELECT "posts".* FROM "posts"[0m
  ↳ app/views/posts/index.html.erb:24
  Rendered posts/index.html.erb within layouts/application (Duration: 1.5ms | Allocations: 858)
[Webpacker] Everything's up-to-date. Nothing to do
Completed 200 OK in 16ms (Views: 15.2ms | ActiveRecord: 0.1ms | Allocations: 15668)


Started GET "/" for ::1 at 2020-10-21 15:27:36 +0300
Processing by PostsController#index as HTML
  Rendering posts/index.html.erb within layouts/application
  [1m[36mPost Load (0.2ms)[0m  [1m[34mSELECT "posts".* FROM "posts"[0m
  ↳ app/views/posts/index.html.erb:24
  Rendered posts/index.html.erb within layouts/application (Duration: 1.7ms | Allocations: 653)
Started GET "/" for ::1 at 2020-10-21 15:27:36 +0300
  [1m[35m (0.1ms)[0m  [1m[34mSELECT sqlite_version(*)[0m
Processing by PostsController#index as HTML
  Rendering posts/index.html.erb within layouts/application
  [1m[36mPost Load (0.2ms)[0m  [1m[34mSELECT "posts".* FROM "posts"[0m
  ↳ app/views/posts/index.html.erb:24
  Rendered posts/index.html.erb within layouts/application (Duration: 1.5ms | Allocations: 1267)
[Webpacker] Everything's up-to-date. Nothing to do
[Webpacker] Everything's up-to-date. Nothing to do
Completed 200 OK in 48ms (Views: 47.1ms | ActiveRecord: 0.2ms | Allocations: 25014)


Completed 200 OK in 24ms (Views: 23.6ms | ActiveRecord: 0.2ms | Allocations: 24807)


Started GET "/" for ::1 at 2020-10-21 15:27:39 +0300
Processing by PostsController#index as HTML
  Rendering posts/index.html.erb within layouts/application
  [1m[36mPost Load (0.1ms)[0m  [1m[34mSELECT "posts".* FROM "posts"[0m
  ↳ app/views/posts/index.html.erb:24
  Rendered posts/index.html.erb within layouts/application (Duration: 1.1ms | Allocations: 652)
[Webpacker] Everything's up-to-date. Nothing to do
Completed 200 OK in 14ms (Views: 13.3ms | ActiveRecord: 0.1ms | Allocations: 14041)


Started GET "/posts/new" for ::1 at 2020-10-21 15:27:39 +0300
Processing by PostsController#new as HTML
  Rendering posts/new.html.erb within layouts/application
  Rendered posts/new.html.erb within layouts/application (Duration: 2.7ms | Allocations: 1739)
[Webpacker] Everything's up-to-date. Nothing to do
Completed 200 OK in 16ms (Views: 14.9ms | ActiveRecord: 0.0ms | Allocations: 15277)


Started GET "/posts" for ::1 at 2020-10-21 15:27:40 +0300
Processing by PostsController#index as HTML
  Rendering posts/index.html.erb within layouts/application
  [1m[36mPost Load (0.1ms)[0m  [1m[34mSELECT "posts".* FROM "posts"[0m
  ↳ app/views/posts/index.html.erb:24
  Rendered posts/index.html.erb within layouts/application (Duration: 1.0ms | Allocations: 653)
[Webpacker] Everything's up-to-date. Nothing to do
Completed 200 OK in 15ms (Views: 14.7ms | ActiveRecord: 0.1ms | Allocations: 14044)


Started GET "/posts/new" for ::1 at 2020-10-21 15:27:40 +0300
Processing by PostsController#new as HTML
  Rendering posts/new.html.erb within layouts/application
  Rendered posts/new.html.erb within layouts/application (Duration: 2.0ms | Allocations: 1384)
[Webpacker] Everything's up-to-date. Nothing to do
Completed 200 OK in 15ms (Views: 14.4ms | ActiveRecord: 0.0ms | Allocations: 14784)


Started POST "/posts" for ::1 at 2020-10-21 15:28:18 +0300
Processing by PostsController#create as HTML
  Parameters: {"authenticity_token"=>"dPp58P3Cx2nrXrYMJS9Gb5MR/PjsIYWrFVEY7lBwL5jyJJIQ5mRg/DJUZ8eywuf0YQvfedvu+wGCJ4EHIESqJw==", "post"=>{"title"=>"Old Knowledge, why are people afraid of new technologies?", "description"=>"Since ancient times, people have developed in order to survive. Currently, development has lost such significance. There were cars, gadgets, robots. All this makes our life easier and no one will argue with this.", "body"=>"<div><br>Since ancient times, people have developed in order to survive. Currently, development has lost such significance. There were cars, gadgets, robots. All this makes our life easier and no one will argue with this.<br><br></div><div>However, there are people who believe that the old is always better. I believe that these people simply do not want to develop, to learn new things. For these people, the calm lies in the fact that they learned some craft many years ago and use it to perfect their skills. But this does not work in IT.<br><br></div><div>If you are developing some kind of software product in a programming language or framework, be prepared that in a year or even in half a year analogues will appear that will do it much better and faster.<br><br></div><div>And that is great. Humanity does not stand still, we are inventing more and more interesting things. And one of the areas in which something new is really being born is programming. No need to hold on to old technology. Update your projects to new solutions and constantly learn something new.<br><br></div><div>In the 21st century, if you do not develop, you are a corpse.<br><br></div>"}, "commit"=>"Save Post"}
  [1m[35m (0.1ms)[0m  [1m[36mbegin transaction[0m
  ↳ app/controllers/posts_controller.rb:20:in `create'
  [1m[36mPost Create (0.3ms)[0m  [1m[32mINSERT INTO "posts" ("title", "created_at", "updated_at", "description") VALUES (?, ?, ?, ?)[0m  [["title", "Old Knowledge, why are people afraid of new technologies?"], ["created_at", "2020-10-21 12:28:18.869653"], ["updated_at", "2020-10-21 12:28:18.869653"], ["description", "Since ancient times, people have developed in order to survive. Currently, development has lost such significance. There were cars, gadgets, robots. All this makes our life easier and no one will argue with this."]]
  ↳ app/controllers/posts_controller.rb:20:in `create'
  [1m[36mActionText::RichText Create (0.2ms)[0m  [1m[32mINSERT INTO "action_text_rich_texts" ("name", "body", "record_type", "record_id", "created_at", "updated_at") VALUES (?, ?, ?, ?, ?, ?)[0m  [["name", "body"], ["body", "<div><br>Since ancient times, people have developed in order to survive. Currently, development has lost such significance. There were cars, gadgets, robots. All this makes our life easier and no one will argue with this.<br><br></div><div>However, there are people who believe that the old is always better. I believe that these people simply do not want to develop, to learn new things. For these people, the calm lies in the fact that they learned some craft many years ago and use it to perfect their skills. But this does not work in IT.<br><br></div><div>If you are developing some kind of software product in a programming language or framework, be prepared that in a year or even in half a year analogues will appear that will do it much better and faster.<br><br></div><div>And that is great. Humanity does not stand still, we are inventing more and more interesting things. And one of the areas in which something new is really being born is programming. No need to hold on to old technology. Update your projects to new solutions and constantly learn something new.<br><br></div><div>In the 21st century, if you do not develop, you are a corpse.<br><br></div>"], ["record_type", "Post"], ["record_id", 3], ["created_at", "2020-10-21 12:28:18.882611"], ["updated_at", "2020-10-21 12:28:18.882611"]]
  ↳ app/controllers/posts_controller.rb:20:in `create'
  [1m[36mActiveStorage::Attachment Load (0.1ms)[0m  [1m[34mSELECT "active_storage_attachments".* FROM "active_storage_attachments" WHERE "active_storage_attachments"."record_id" = ? AND "active_storage_attachments"."record_type" = ? AND "active_storage_attachments"."name" = ?[0m  [["record_id", 3], ["record_type", "ActionText::RichText"], ["name", "embeds"]]
  ↳ app/controllers/posts_controller.rb:20:in `create'
  [1m[36mPost Update (0.1ms)[0m  [1m[33mUPDATE "posts" SET "updated_at" = ? WHERE "posts"."id" = ?[0m  [["updated_at", "2020-10-21 12:28:18.884403"], ["id", 3]]
  ↳ app/controllers/posts_controller.rb:20:in `create'
  [1m[35m (1.1ms)[0m  [1m[36mcommit transaction[0m
  ↳ app/controllers/posts_controller.rb:20:in `create'
Redirected to http://localhost:3000/posts/3
Completed 302 Found in 35ms (ActiveRecord: 2.2ms | Allocations: 16301)


Started GET "/posts/3" for ::1 at 2020-10-21 15:28:18 +0300
Processing by PostsController#show as HTML
  Parameters: {"id"=>"3"}
  [1m[36mPost Load (0.2ms)[0m  [1m[34mSELECT "posts".* FROM "posts" WHERE "posts"."id" = ? LIMIT ?[0m  [["id", 3], ["LIMIT", 1]]
  ↳ app/controllers/posts_controller.rb:9:in `show'
  Rendering posts/show.html.erb within layouts/application
  [1m[36mActionText::RichText Load (0.2ms)[0m  [1m[34mSELECT "action_text_rich_texts".* FROM "action_text_rich_texts" WHERE "action_text_rich_texts"."record_id" = ? AND "action_text_rich_texts"."record_type" = ? AND "action_text_rich_texts"."name" = ? LIMIT ?[0m  [["record_id", 3], ["record_type", "Post"], ["name", "body"], ["LIMIT", 1]]
  ↳ app/views/posts/show.html.erb:20
  Rendered /Library/Ruby/Gems/2.6.0/gems/actiontext-6.0.3.4/app/views/action_text/content/_layout.html.erb (Duration: 1.4ms | Allocations: 815)
  Rendered posts/show.html.erb within layouts/application (Duration: 6.3ms | Allocations: 3008)
[Webpacker] Everything's up-to-date. Nothing to do
Completed 200 OK in 21ms (Views: 18.7ms | ActiveRecord: 0.4ms | Allocations: 17095)


Started GET "/" for ::1 at 2020-10-21 15:28:22 +0300
Processing by PostsController#index as HTML
  Rendering posts/index.html.erb within layouts/application
  [1m[36mPost Load (0.2ms)[0m  [1m[34mSELECT "posts".* FROM "posts"[0m
  ↳ app/views/posts/index.html.erb:24
  Rendered posts/index.html.erb within layouts/application (Duration: 1.4ms | Allocations: 697)
[Webpacker] Everything's up-to-date. Nothing to do
Completed 200 OK in 22ms (Views: 21.4ms | ActiveRecord: 0.2ms | Allocations: 14084)


Started GET "/posts/2" for ::1 at 2020-10-21 15:29:23 +0300
Processing by PostsController#show as HTML
  Parameters: {"id"=>"2"}
  [1m[36mPost Load (0.2ms)[0m  [1m[34mSELECT "posts".* FROM "posts" WHERE "posts"."id" = ? LIMIT ?[0m  [["id", 2], ["LIMIT", 1]]
  ↳ app/controllers/posts_controller.rb:9:in `show'
  Rendering posts/show.html.erb within layouts/application
  [1m[36mActionText::RichText Load (0.3ms)[0m  [1m[34mSELECT "action_text_rich_texts".* FROM "action_text_rich_texts" WHERE "action_text_rich_texts"."record_id" = ? AND "action_text_rich_texts"."record_type" = ? AND "action_text_rich_texts"."name" = ? LIMIT ?[0m  [["record_id", 2], ["record_type", "Post"], ["name", "body"], ["LIMIT", 1]]
  ↳ app/views/posts/show.html.erb:20
  Rendered /Library/Ruby/Gems/2.6.0/gems/actiontext-6.0.3.4/app/views/action_text/content/_layout.html.erb (Duration: 1.2ms | Allocations: 812)
  Rendered posts/show.html.erb within layouts/application (Duration: 4.8ms | Allocations: 2354)
[Webpacker] Everything's up-to-date. Nothing to do
Completed 200 OK in 19ms (Views: 17.5ms | ActiveRecord: 0.5ms | Allocations: 16274)


Started GET "/" for ::1 at 2020-10-21 15:29:28 +0300
Processing by PostsController#index as HTML
  Rendering posts/index.html.erb within layouts/application
  [1m[36mPost Load (0.2ms)[0m  [1m[34mSELECT "posts".* FROM "posts"[0m
  ↳ app/views/posts/index.html.erb:24
  Rendered posts/index.html.erb within layouts/application (Duration: 1.7ms | Allocations: 697)
[Webpacker] Everything's up-to-date. Nothing to do
Completed 200 OK in 21ms (Views: 19.6ms | ActiveRecord: 0.2ms | Allocations: 14090)


Started GET "/posts/2" for ::1 at 2020-10-21 15:29:29 +0300
Processing by PostsController#show as HTML
  Parameters: {"id"=>"2"}
  [1m[36mPost Load (0.2ms)[0m  [1m[34mSELECT "posts".* FROM "posts" WHERE "posts"."id" = ? LIMIT ?[0m  [["id", 2], ["LIMIT", 1]]
  ↳ app/controllers/posts_controller.rb:9:in `show'
  Rendering posts/show.html.erb within layouts/application
  [1m[36mActionText::RichText Load (0.2ms)[0m  [1m[34mSELECT "action_text_rich_texts".* FROM "action_text_rich_texts" WHERE "action_text_rich_texts"."record_id" = ? AND "action_text_rich_texts"."record_type" = ? AND "action_text_rich_texts"."name" = ? LIMIT ?[0m  [["record_id", 2], ["record_type", "Post"], ["name", "body"], ["LIMIT", 1]]
  ↳ app/views/posts/show.html.erb:20
  Rendered /Library/Ruby/Gems/2.6.0/gems/actiontext-6.0.3.4/app/views/action_text/content/_layout.html.erb (Duration: 1.5ms | Allocations: 812)
  Rendered posts/show.html.erb within layouts/application (Duration: 6.6ms | Allocations: 2353)
[Webpacker] Everything's up-to-date. Nothing to do
Completed 200 OK in 24ms (Views: 21.8ms | ActiveRecord: 0.4ms | Allocations: 16274)


Started GET "/posts/2/edit" for ::1 at 2020-10-21 15:29:31 +0300
Processing by PostsController#edit as HTML
  Parameters: {"id"=>"2"}
  [1m[36mPost Load (0.4ms)[0m  [1m[34mSELECT "posts".* FROM "posts" WHERE "posts"."id" = ? LIMIT ?[0m  [["id", 2], ["LIMIT", 1]]
  ↳ app/controllers/posts_controller.rb:28:in `edit'
  Rendering posts/edit.html.erb within layouts/application
  [1m[36mActionText::RichText Load (0.2ms)[0m  [1m[34mSELECT "action_text_rich_texts".* FROM "action_text_rich_texts" WHERE "action_text_rich_texts"."record_id" = ? AND "action_text_rich_texts"."record_type" = ? AND "action_text_rich_texts"."name" = ? LIMIT ?[0m  [["record_id", 2], ["record_type", "Post"], ["name", "body"], ["LIMIT", 1]]
  ↳ app/views/posts/edit.html.erb:30
  Rendered posts/edit.html.erb within layouts/application (Duration: 6.2ms | Allocations: 3037)
[Webpacker] Everything's up-to-date. Nothing to do
Completed 200 OK in 33ms (Views: 29.3ms | ActiveRecord: 0.6ms | Allocations: 17102)


Started PATCH "/posts/2" for ::1 at 2020-10-21 15:29:42 +0300
Processing by PostsController#update as HTML
  Parameters: {"authenticity_token"=>"X9Q8GxB5jqmzsY2fxTkeyXUf5MP9mdHtFujDlRftqofP/blUXdYcT0SMYVY6LF3xrpqSvenIUIYzhonZTiJkcw==", "post"=>{"title"=>"Get started self-education", "description"=>"How many times had you blamed yourself for being lazy? What do you want to achieve something, but you don't have time for this?", "body"=>"<div><br>How many times had you blamed yourself for being lazy? What do you want to achieve something, but you don't have time for this?<br><br></div><div>The easiest way out of this situation is to start doing something.<br><br></div><div>The many factors that prevent you from achieving your goals are mostly fictitious. The time we spend watching TV shows, partying with friends and doing nothing, can be spent on in the future to benefit us.<br><br></div><div>At first, you will have to leave your comfort zone in order to set yourself up for such a lifestyle. You wants to return your habits, idleness, it will seem that you are very tired. However, this is simply a reaction of the body to changes in lifestyle. And the main thing that you will learn if you don't give up is to learn.<br><br></div><div>In life, self-education is the key that opens many doors for us. We constantly train our brains and even life tasks that we had been thinking about for a long time, now seem easier. We are gaining experience. Over time, this becomes our habit, and as a rule, we are looking in our circle of people with whom we are interested in communicating. The more we know, the more interesting are the people around us and the more people who create something, and not just consume. In the future, such acquaintances may help us find a job or even open a business, as in addition to communicating with interesting people, we get part of their experience and energy with which they do their work. This energy is pushing us to create something ourselves.<br><br></div><div>Now we have many tools, a huge amount of knowledge that can be used to invent things in any industry. And if we do not use this knowledge, then no one will use it.<br><br></div>"}, "commit"=>"Save Post", "id"=>"2"}
  [1m[36mPost Load (0.2ms)[0m  [1m[34mSELECT "posts".* FROM "posts" WHERE "posts"."id" = ? LIMIT ?[0m  [["id", 2], ["LIMIT", 1]]
  ↳ app/controllers/posts_controller.rb:32:in `update'
  [1m[35m (0.1ms)[0m  [1m[36mbegin transaction[0m
  ↳ app/controllers/posts_controller.rb:34:in `update'
  [1m[36mActionText::RichText Load (0.2ms)[0m  [1m[34mSELECT "action_text_rich_texts".* FROM "action_text_rich_texts" WHERE "action_text_rich_texts"."record_id" = ? AND "action_text_rich_texts"."record_type" = ? AND "action_text_rich_texts"."name" = ? LIMIT ?[0m  [["record_id", 2], ["record_type", "Post"], ["name", "body"], ["LIMIT", 1]]
  ↳ app/controllers/posts_controller.rb:34:in `update'
  Rendered /Library/Ruby/Gems/2.6.0/gems/actiontext-6.0.3.4/app/views/action_text/content/_layout.html.erb (Duration: 1.0ms | Allocations: 819)
  Rendered /Library/Ruby/Gems/2.6.0/gems/actiontext-6.0.3.4/app/views/action_text/content/_layout.html.erb (Duration: 1.0ms | Allocations: 812)
  Rendered /Library/Ruby/Gems/2.6.0/gems/actiontext-6.0.3.4/app/views/action_text/content/_layout.html.erb (Duration: 1.3ms | Allocations: 812)
  Rendered /Library/Ruby/Gems/2.6.0/gems/actiontext-6.0.3.4/app/views/action_text/content/_layout.html.erb (Duration: 1.0ms | Allocations: 812)
  [1m[35m (0.1ms)[0m  [1m[36mcommit transaction[0m
  ↳ app/controllers/posts_controller.rb:34:in `update'
Redirected to http://localhost:3000/posts/2
Completed 302 Found in 16ms (ActiveRecord: 0.5ms | Allocations: 9318)


Started GET "/posts/2" for ::1 at 2020-10-21 15:29:42 +0300
Processing by PostsController#show as HTML
  Parameters: {"id"=>"2"}
  [1m[36mPost Load (0.1ms)[0m  [1m[34mSELECT "posts".* FROM "posts" WHERE "posts"."id" = ? LIMIT ?[0m  [["id", 2], ["LIMIT", 1]]
  ↳ app/controllers/posts_controller.rb:9:in `show'
  Rendering posts/show.html.erb within layouts/application
  [1m[36mActionText::RichText Load (0.1ms)[0m  [1m[34mSELECT "action_text_rich_texts".* FROM "action_text_rich_texts" WHERE "action_text_rich_texts"."record_id" = ? AND "action_text_rich_texts"."record_type" = ? AND "action_text_rich_texts"."name" = ? LIMIT ?[0m  [["record_id", 2], ["record_type", "Post"], ["name", "body"], ["LIMIT", 1]]
  ↳ app/views/posts/show.html.erb:20
  Rendered /Library/Ruby/Gems/2.6.0/gems/actiontext-6.0.3.4/app/views/action_text/content/_layout.html.erb (Duration: 1.0ms | Allocations: 812)
  Rendered posts/show.html.erb within layouts/application (Duration: 3.2ms | Allocations: 2354)
[Webpacker] Everything's up-to-date. Nothing to do
Completed 200 OK in 17ms (Views: 15.3ms | ActiveRecord: 0.2ms | Allocations: 16281)


Started GET "/posts/2" for ::1 at 2020-10-21 15:30:25 +0300
Processing by PostsController#show as HTML
  Parameters: {"id"=>"2"}
  [1m[36mPost Load (0.1ms)[0m  [1m[34mSELECT "posts".* FROM "posts" WHERE "posts"."id" = ? LIMIT ?[0m  [["id", 2], ["LIMIT", 1]]
  ↳ app/controllers/posts_controller.rb:9:in `show'
  Rendering posts/show.html.erb within layouts/application
  [1m[36mActionText::RichText Load (0.1ms)[0m  [1m[34mSELECT "action_text_rich_texts".* FROM "action_text_rich_texts" WHERE "action_text_rich_texts"."record_id" = ? AND "action_text_rich_texts"."record_type" = ? AND "action_text_rich_texts"."name" = ? LIMIT ?[0m  [["record_id", 2], ["record_type", "Post"], ["name", "body"], ["LIMIT", 1]]
  ↳ app/views/posts/show.html.erb:20
  Rendered /Library/Ruby/Gems/2.6.0/gems/actiontext-6.0.3.4/app/views/action_text/content/_layout.html.erb (Duration: 1.1ms | Allocations: 919)
  Rendered posts/show.html.erb within layouts/application (Duration: 5.3ms | Allocations: 3116)
[Webpacker] Everything's up-to-date. Nothing to do
Completed 200 OK in 19ms (Views: 17.5ms | ActiveRecord: 0.2ms | Allocations: 18465)


Started GET "/posts/2/edit" for ::1 at 2020-10-21 15:30:26 +0300
Processing by PostsController#edit as HTML
  Parameters: {"id"=>"2"}
  [1m[36mPost Load (0.2ms)[0m  [1m[34mSELECT "posts".* FROM "posts" WHERE "posts"."id" = ? LIMIT ?[0m  [["id", 2], ["LIMIT", 1]]
  ↳ app/controllers/posts_controller.rb:28:in `edit'
  Rendering posts/edit.html.erb within layouts/application
  [1m[36mActionText::RichText Load (0.2ms)[0m  [1m[34mSELECT "action_text_rich_texts".* FROM "action_text_rich_texts" WHERE "action_text_rich_texts"."record_id" = ? AND "action_text_rich_texts"."record_type" = ? AND "action_text_rich_texts"."name" = ? LIMIT ?[0m  [["record_id", 2], ["record_type", "Post"], ["name", "body"], ["LIMIT", 1]]
  ↳ app/views/posts/edit.html.erb:30
  Rendered posts/edit.html.erb within layouts/application (Duration: 5.8ms | Allocations: 3033)
[Webpacker] Everything's up-to-date. Nothing to do
Completed 200 OK in 23ms (Views: 20.0ms | ActiveRecord: 0.4ms | Allocations: 17099)


Started PATCH "/posts/2" for ::1 at 2020-10-21 15:30:33 +0300
Processing by PostsController#update as HTML
  Parameters: {"authenticity_token"=>"KWkXt3H52qMpBUW5yI1tDK94maey+/UVD3i6J4eakYK5QJL4PFZIRd44qXA3mC40dP3v2aaqdH4qFvBr3lVfdg==", "post"=>{"title"=>"Get started self-education", "description"=>"How many times had you blamed yourself for being lazy? What do you want to achieve something, but you don't have time for this?", "body"=>"<div><br>How many times had you blamed yourself for being lazy? What do you want to achieve something, but you don't have time for this?<br><br></div><div>The easiest way out of this situation is to start doing something.<br><br></div><div>The many factors that prevent you from achieving your goals are mostly fictitious. The time we spend watching TV shows, partying with friends and doing nothing, can be spent on in the future to benefit us.<br><br></div><div>At first, you will have to leave your comfort zone in order to set yourself up for such a lifestyle. You wants to return your habits, idleness, it will seem that you are very tired. However, this is simply a reaction of the body to changes in lifestyle. And the main thing that you will learn if you don't give up is to learn.<br><br></div><div>In life, self-education is the key that opens many doors for us. We constantly train our brains and even life tasks that we had been thinking about for a long time, now seem easier. We are gaining experience. Over time, this becomes our habit, and as a rule, we are looking in our circle of people with whom we are interested in communicating. The more we know, the more interesting are the people around us and the more people who create something, and not just consume. In the future, such acquaintances may help us find a job or even open a business, as in addition to communicating with interesting people, we get part of their experience and energy with which they do their work. This energy is pushing us to create something ourselves.<br><br></div><div>Now we have many tools, a huge amount of knowledge that can be used to invent things in any industry. And if we do not use this knowledge, then no one will use it.<br><br></div>"}, "commit"=>"Save Post", "id"=>"2"}
  [1m[36mPost Load (0.3ms)[0m  [1m[34mSELECT "posts".* FROM "posts" WHERE "posts"."id" = ? LIMIT ?[0m  [["id", 2], ["LIMIT", 1]]
  ↳ app/controllers/posts_controller.rb:32:in `update'
  [1m[35m (0.1ms)[0m  [1m[36mbegin transaction[0m
  ↳ app/controllers/posts_controller.rb:34:in `update'
  [1m[36mActionText::RichText Load (0.2ms)[0m  [1m[34mSELECT "action_text_rich_texts".* FROM "action_text_rich_texts" WHERE "action_text_rich_texts"."record_id" = ? AND "action_text_rich_texts"."record_type" = ? AND "action_text_rich_texts"."name" = ? LIMIT ?[0m  [["record_id", 2], ["record_type", "Post"], ["name", "body"], ["LIMIT", 1]]
  ↳ app/controllers/posts_controller.rb:34:in `update'
  Rendered /Library/Ruby/Gems/2.6.0/gems/actiontext-6.0.3.4/app/views/action_text/content/_layout.html.erb (Duration: 1.2ms | Allocations: 819)
  Rendered /Library/Ruby/Gems/2.6.0/gems/actiontext-6.0.3.4/app/views/action_text/content/_layout.html.erb (Duration: 1.3ms | Allocations: 812)
  Rendered /Library/Ruby/Gems/2.6.0/gems/actiontext-6.0.3.4/app/views/action_text/content/_layout.html.erb (Duration: 1.0ms | Allocations: 812)
  Rendered /Library/Ruby/Gems/2.6.0/gems/actiontext-6.0.3.4/app/views/action_text/content/_layout.html.erb (Duration: 1.1ms | Allocations: 812)
  [1m[35m (0.1ms)[0m  [1m[36mcommit transaction[0m
  ↳ app/controllers/posts_controller.rb:34:in `update'
Redirected to http://localhost:3000/posts/2
Completed 302 Found in 17ms (ActiveRecord: 0.6ms | Allocations: 9318)


Started GET "/posts/2" for ::1 at 2020-10-21 15:30:33 +0300
Processing by PostsController#show as HTML
  Parameters: {"id"=>"2"}
  [1m[36mPost Load (0.1ms)[0m  [1m[34mSELECT "posts".* FROM "posts" WHERE "posts"."id" = ? LIMIT ?[0m  [["id", 2], ["LIMIT", 1]]
  ↳ app/controllers/posts_controller.rb:9:in `show'
  Rendering posts/show.html.erb within layouts/application
  [1m[36mActionText::RichText Load (0.1ms)[0m  [1m[34mSELECT "action_text_rich_texts".* FROM "action_text_rich_texts" WHERE "action_text_rich_texts"."record_id" = ? AND "action_text_rich_texts"."record_type" = ? AND "action_text_rich_texts"."name" = ? LIMIT ?[0m  [["record_id", 2], ["record_type", "Post"], ["name", "body"], ["LIMIT", 1]]
  ↳ app/views/posts/show.html.erb:20
  Rendered /Library/Ruby/Gems/2.6.0/gems/actiontext-6.0.3.4/app/views/action_text/content/_layout.html.erb (Duration: 0.9ms | Allocations: 812)
  Rendered posts/show.html.erb within layouts/application (Duration: 3.1ms | Allocations: 2354)
[Webpacker] Everything's up-to-date. Nothing to do
Completed 200 OK in 29ms (Views: 27.9ms | ActiveRecord: 0.2ms | Allocations: 16271)


Started GET "/" for ::1 at 2020-10-21 15:30:36 +0300
Processing by PostsController#index as HTML
  Rendering posts/index.html.erb within layouts/application
  [1m[36mPost Load (0.2ms)[0m  [1m[34mSELECT "posts".* FROM "posts"[0m
  ↳ app/views/posts/index.html.erb:24
  Rendered posts/index.html.erb within layouts/application (Duration: 2.1ms | Allocations: 902)
[Webpacker] Everything's up-to-date. Nothing to do
Completed 200 OK in 20ms (Views: 18.6ms | ActiveRecord: 0.2ms | Allocations: 14437)


Started GET "/posts/2" for ::1 at 2020-10-21 15:30:38 +0300
Processing by PostsController#show as HTML
  Parameters: {"id"=>"2"}
  [1m[36mPost Load (0.3ms)[0m  [1m[34mSELECT "posts".* FROM "posts" WHERE "posts"."id" = ? LIMIT ?[0m  [["id", 2], ["LIMIT", 1]]
  ↳ app/controllers/posts_controller.rb:9:in `show'
  Rendering posts/show.html.erb within layouts/application
  [1m[36mActionText::RichText Load (0.2ms)[0m  [1m[34mSELECT "action_text_rich_texts".* FROM "action_text_rich_texts" WHERE "action_text_rich_texts"."record_id" = ? AND "action_text_rich_texts"."record_type" = ? AND "action_text_rich_texts"."name" = ? LIMIT ?[0m  [["record_id", 2], ["record_type", "Post"], ["name", "body"], ["LIMIT", 1]]
  ↳ app/views/posts/show.html.erb:20
  Rendered /Library/Ruby/Gems/2.6.0/gems/actiontext-6.0.3.4/app/views/action_text/content/_layout.html.erb (Duration: 1.8ms | Allocations: 819)
  Rendered posts/show.html.erb within layouts/application (Duration: 6.4ms | Allocations: 2362)
[Webpacker] Everything's up-to-date. Nothing to do
Completed 200 OK in 24ms (Views: 21.4ms | ActiveRecord: 0.5ms | Allocations: 16283)


Started GET "/posts/2/edit" for ::1 at 2020-10-21 15:30:40 +0300
Processing by PostsController#edit as HTML
  Parameters: {"id"=>"2"}
  [1m[36mPost Load (0.3ms)[0m  [1m[34mSELECT "posts".* FROM "posts" WHERE "posts"."id" = ? LIMIT ?[0m  [["id", 2], ["LIMIT", 1]]
  ↳ app/controllers/posts_controller.rb:28:in `edit'
  Rendering posts/edit.html.erb within layouts/application
  [1m[36mActionText::RichText Load (0.2ms)[0m  [1m[34mSELECT "action_text_rich_texts".* FROM "action_text_rich_texts" WHERE "action_text_rich_texts"."record_id" = ? AND "action_text_rich_texts"."record_type" = ? AND "action_text_rich_texts"."name" = ? LIMIT ?[0m  [["record_id", 2], ["record_type", "Post"], ["name", "body"], ["LIMIT", 1]]
  ↳ app/views/posts/edit.html.erb:30
  Rendered posts/edit.html.erb within layouts/application (Duration: 6.5ms | Allocations: 2693)
[Webpacker] Everything's up-to-date. Nothing to do
Completed 200 OK in 27ms (Views: 24.2ms | ActiveRecord: 0.5ms | Allocations: 16609)


